
[2017-04-28 19:31:00.955] LNK RX RSSI:8A
[2017-04-28 19:31:00.972] LNK Radio RX data: 0E03010201B20201B20102D6040000
[2017-04-28 19:31:01.029] Receiving:0E03010201B20201B20102D6040000
[2017-04-28 19:31:01.075] RSSI env | rx: 31 8A
[2017-04-28 19:31:01.109] LNK Radio TX data: 0103048A31
[2017-04-28 19:31:03.831] LNK RX RSSI:8A
[2017-04-28 19:31:03.849] LNK Radio RX data: 0E03010201B20201B20102D6042C8A
[2017-04-28 19:31:03.905] Receiving:0E03010201B20201B20102D6042C8A
[2017-04-28 19:31:03.952] RSSI env | rx: 30 8A
[2017-04-28 19:31:03.985] LNK Radio TX data: 0103048A30
[2017-04-28 19:31:46.176] LNK RX RSSI:8A
[2017-04-28 19:31:46.193] LNK Radio RX data: 0E03010201B20201B20102D7040000
[2017-04-28 19:31:46.250] Receiving:0E03010201B20201B20102D7040000
[2017-04-28 19:31:46.296] RSSI env | rx: 31 8A
[2017-04-28 19:31:46.330] LNK Radio TX data: 0103048A31
[2017-04-28 19:32:00.523] LNK RX RSSI:8A
[2017-04-28 19:32:00.540] LNK Radio RX data: 0E03010201B20201B20102D6040000
[2017-04-28 19:32:00.596] Receiving:0E03010201B20201B20102D6040000
[2017-04-28 19:32:00.643] RSSI env | rx: 30 8A
[2017-04-28 19:32:00.677] LNK Radio TX data: 0103048A30
[2017-04-28 19:32:17.076] LNK RX RSSI:8A
[2017-04-28 19:32:17.094] LNK Radio RX data: 0E03010201B20201B20102D704338A
[2017-04-28 19:32:17.150] Receiving:0E03010201B20201B20102D704338A
[2017-04-28 19:32:17.197] RSSI env | rx: 32 8A
[2017-04-28 19:32:17.231] LNK Radio TX data: 0103048A32
[2017-04-28 19:32:37.911] LNK RX RSSI:8A
[2017-04-28 19:32:37.928] LNK Radio RX data: 0E03010201B20201B20102D6040000
[2017-04-28 19:32:37.984] Receiving:0E03010201B20201B20102D6040000
[2017-04-28 19:32:38.031] RSSI env | rx: 34 8A
[2017-04-28 19:32:38.065] LNK Radio TX data: 0103048A34
[2017-04-28 19:32:48.752] LNK RX RSSI:8A
[2017-04-28 19:32:48.770] LNK Radio RX data: 0E03010201B20201B30102D7040000
[2017-04-28 19:32:48.826] Receiving:0E03010201B20201B30102D7040000
[2017-04-28 19:32:48.873] RSSI env | rx: 32 8A
[2017-04-28 19:32:48.907] LNK Radio TX data: 0103048A32
[2017-04-28 19:32:53.446] LNK RX RSSI:8A
[2017-04-28 19:32:53.463] LNK Radio RX data: 0E03010201B20201B30102D6040000
[2017-04-28 19:32:53.519] Receiving:0E03010201B20201B30102D6040000
[2017-04-28 19:32:53.566] RSSI env | rx: 30 8A
[2017-04-28 19:32:53.600] LNK Radio TX data: 0103048A30
[2017-04-28 19:32:56.193] LNK RX RSSI:8A
[2017-04-28 19:32:56.211] LNK Radio RX data: 0E03010201B20201B20102D6040000
[2017-04-28 19:32:56.267] Receiving:0E03010201B20201B20102D6040000
[2017-04-28 19:32:56.314] RSSI env | rx: 2F 8A
[2017-04-28 19:32:56.348] LNK Radio TX data: 0103048A2F
[2017-04-28 19:32:58.436] LNK RX RSSI:8A
[2017-04-28 19:32:58.453] LNK Radio RX data: 0E03010201B20201B20102D6040000
[2017-04-28 19:32:58.510] Receiving:0E03010201B20201B20102D6040000
[2017-04-28 19:32:58.556] RSSI env | rx: 2E 8A
[2017-04-28 19:32:58.590] LNK Radio TX data: 0103048A2E
[2017-04-28 19:33:06.238] LNK RX RSSI:8A
[2017-04-28 19:33:06.255] LNK Radio RX data: 0E03010201B30201B30102D6040000
[2017-04-28 19:33:06.311] Receiving:0E03010201B30201B30102D6040000
[2017-04-28 19:33:06.358] RSSI env | rx: 34 8A
[2017-04-28 19:33:06.392] LNK Radio TX data: 0103048A34
[2017-04-28 19:33:08.351] LNK RX RSSI:8A
[2017-04-28 19:33:08.368] LNK Radio RX data: 0E03010201B20201B30102D7040000
[2017-04-28 19:33:08.425] Receiving:0E03010201B20201B30102D7040000
[2017-04-28 19:33:08.471] RSSI env | rx: 34 8A
[2017-04-28 19:33:08.505] LNK Radio TX data: 0103048A34
[2017-04-28 19:33:20.014] LNK RX RSSI:8A
[2017-04-28 19:33:20.031] LNK Radio RX data: 0E03010201B20201B30102D6040000
[2017-04-28 19:33:20.088] Receiving:0E03010201B20201B30102D6040000
[2017-04-28 19:33:20.134] RSSI env | rx: 35 8A
[2017-04-28 19:33:20.168] LNK Radio TX data: 0103048A35
[2017-04-28 19:33:58.557] LNK RX RSSI:8A
[2017-04-28 19:33:58.574] LNK Radio RX data: 0E03010201B30201B20102D7042D8A
[2017-04-28 19:33:58.631] Receiving:0E03010201B30201B20102D7042D8A
[2017-04-28 19:33:58.677] RSSI env | rx: 35 8A
[2017-04-28 19:33:58.711] LNK Radio TX data: 0103048A35
[2017-04-28 19:34:22.158] LNK RX RSSI:8A
[2017-04-28 19:34:22.175] LNK Radio RX data: 0E03010201B30201B30102D6042D3D
[2017-04-28 19:34:22.232] Receiving:0E03010201B30201B30102D6042D3D
[2017-04-28 19:34:22.278] RSSI env | rx: 35 8A
[2017-04-28 19:34:22.312] LNK Radio TX data: 0103048A35
[2017-04-28 19:34:27.707] LNK RX RSSI:8A
[2017-04-28 19:34:27.724] LNK Radio RX data: 0E03010201B30201B30102D7040000
[2017-04-28 19:34:27.781] Receiving:0E03010201B30201B30102D7040000
[2017-04-28 19:34:27.827] RSSI env | rx: 2F 8A
[2017-04-28 19:34:27.861] LNK Radio TX data: 0103048A2F
[2017-04-28 19:35:27.379] LNK RX RSSI:8A
[2017-04-28 19:35:27.396] LNK Radio RX data: 0E03010201B40201B40102D704358A
[2017-04-28 19:35:27.453] Receiving:0E03010201B40201B40102D704358A
[2017-04-28 19:35:27.500] RSSI env | rx: 37 8A
[2017-04-28 19:35:27.533] LNK Radio TX data: 0103048A37
[2017-04-28 19:36:26.937] LNK RX RSSI:8A
[2017-04-28 19:36:26.954] LNK Radio RX data: 0E03010201B50201B50102D704368A
[2017-04-28 19:36:27.011] Receiving:0E03010201B50201B50102D704368A
[2017-04-28 19:36:27.058] RSSI env | rx: 38 8A
[2017-04-28 19:36:27.091] LNK Radio TX data: 0103048A38
[2017-04-28 19:36:39.705] LNK RX RSSI:8A
[2017-04-28 19:36:39.722] LNK Radio RX data: 0E03010201B40201B50102D7040000
[2017-04-28 19:36:39.778] Receiving:0E03010201B40201B50102D7040000
[2017-04-28 19:36:39.825] RSSI env | rx: 35 8A
[2017-04-28 19:36:39.859] LNK Radio TX data: 0103048A35
[2017-04-28 19:37:39.169] LNK RX RSSI:8A
[2017-04-28 19:37:39.186] LNK Radio RX data: 0E03010201B50201B50102D504348A
[2017-04-28 19:37:39.243] Receiving:0E03010201B50201B50102D504348A
[2017-04-28 19:37:39.289] RSSI env | rx: 36 8A
[2017-04-28 19:37:39.323] LNK Radio TX data: 0103048A36
[2017-04-28 19:38:38.591] LNK RX RSSI:8A
[2017-04-28 19:38:38.608] LNK Radio RX data: 0E03010201B50201B60102D704358A
[2017-04-28 19:38:38.665] Receiving:0E03010201B50201B60102D704358A
[2017-04-28 19:38:38.711] RSSI env | rx: 37 8A
[2017-04-28 19:38:38.745] LNK Radio TX data: 0103048A37
[2017-04-28 19:39:37.964] LNK RX RSSI:8A
[2017-04-28 19:39:37.981] LNK Radio RX data: 0E03010201B60201B60102D704318A
[2017-04-28 19:39:38.037] Receiving:0E03010201B60201B60102D704318A
[2017-04-28 19:39:38.084] RSSI env | rx: 39 8A
[2017-04-28 19:39:38.118] LNK Radio TX data: 0103048A39
[2017-04-28 19:40:37.289] LNK RX RSSI:8A
[2017-04-28 19:40:37.306] LNK Radio RX data: 0E03010201B50201B60102D704368A
[2017-04-28 19:40:37.363] Receiving:0E03010201B50201B60102D704368A
[2017-04-28 19:40:37.410] RSSI env | rx: 36 8A
[2017-04-28 19:40:37.443] LNK Radio TX data: 0103048A36
[2017-04-28 19:41:36.586] LNK RX RSSI:8A
[2017-04-28 19:41:36.603] LNK Radio RX data: 0E03010201B70201B60102D704338A
[2017-04-28 19:41:36.660] Receiving:0E03010201B70201B60102D704338A
[2017-04-28 19:41:36.707] RSSI env | rx: 36 8A
[2017-04-28 19:41:36.740] LNK Radio TX data: 0103048A36
[2017-04-28 19:42:35.860] LNK RX RSSI:8A
[2017-04-28 19:42:35.878] LNK Radio RX data: 0E03010201B60201B60102D704378A
[2017-04-28 19:42:35.934] Receiving:0E03010201B60201B60102D704378A
[2017-04-28 19:42:35.981] RSSI env | rx: 36 8A
[2017-04-28 19:42:36.015] LNK Radio TX data: 0103048A36
[2017-04-28 19:43:35.127] LNK RX RSSI:8A
[2017-04-28 19:43:35.145] LNK Radio RX data: 0E03010201B60201B70102D704348A
[2017-04-28 19:43:35.201] Receiving:0E03010201B60201B70102D704348A
[2017-04-28 19:43:35.248] RSSI env | rx: 37 8A
[2017-04-28 19:43:35.282] LNK Radio TX data: 0103048A37
[2017-04-28 19:44:34.376] LNK RX RSSI:8A
[2017-04-28 19:44:34.393] LNK Radio RX data: 0E03010201B60201B70102D704328A
[2017-04-28 19:44:34.450] Receiving:0E03010201B60201B70102D704328A
[2017-04-28 19:44:34.497] RSSI env | rx: 37 8A
[2017-04-28 19:44:34.530] LNK Radio TX data: 0103048A37
[2017-04-28 19:45:33.617] LNK RX RSSI:8A
[2017-04-28 19:45:33.634] LNK Radio RX data: 0E03010201B70201B60102D604338A
[2017-04-28 19:45:33.691] Receiving:0E03010201B70201B60102D604338A
[2017-04-28 19:45:33.737] RSSI env | rx: 38 8A
[2017-04-28 19:45:33.771] LNK Radio TX data: 0103048A38
[2017-04-28 19:46:32.854] LNK RX RSSI:8A
[2017-04-28 19:46:32.872] LNK Radio RX data: 0E03010201B70201B70102D604348A
[2017-04-28 19:46:32.928] Receiving:0E03010201B70201B70102D604348A
[2017-04-28 19:46:32.975] RSSI env | rx: 35 8A
[2017-04-28 19:46:33.008] LNK Radio TX data: 0103048A35
[2017-04-28 19:47:32.076] LNK RX RSSI:8A
[2017-04-28 19:47:32.093] LNK Radio RX data: 0E03010201B60201B70102D704358A
[2017-04-28 19:47:32.150] Receiving:0E03010201B60201B70102D704358A
[2017-04-28 19:47:32.196] RSSI env | rx: 36 8A
[2017-04-28 19:47:32.230] LNK Radio TX data: 0103048A36
[2017-04-28 19:48:31.289] LNK RX RSSI:8A
[2017-04-28 19:48:31.306] LNK Radio RX data: 0E03010201B70201B70102D704338A
[2017-04-28 19:48:31.362] Receiving:0E03010201B70201B70102D704338A
[2017-04-28 19:48:31.409] RSSI env | rx: 38 8A
[2017-04-28 19:48:31.443] LNK Radio TX data: 0103048A38
[2017-04-28 19:49:30.501] LNK RX RSSI:8A
[2017-04-28 19:49:30.518] LNK Radio RX data: 0E03010201B70201B70102D704378A
[2017-04-28 19:49:30.575] Receiving:0E03010201B70201B70102D704378A
[2017-04-28 19:49:30.621] RSSI env | rx: 35 8A
[2017-04-28 19:49:30.655] LNK Radio TX data: 0103048A35
[2017-04-28 19:50:29.717] LNK RX RSSI:8A
[2017-04-28 19:50:29.735] LNK Radio RX data: 0E03010201B70201B70102D704338A
[2017-04-28 19:50:29.791] Receiving:0E03010201B70201B70102D704338A
[2017-04-28 19:50:29.838] RSSI env | rx: 38 8A
[2017-04-28 19:50:29.872] LNK Radio TX data: 0103048A38
[2017-04-28 19:51:28.924] LNK RX RSSI:8A
[2017-04-28 19:51:28.941] LNK Radio RX data: 0E03010201B70201B70102D704328A
[2017-04-28 19:51:28.997] Receiving:0E03010201B70201B70102D704328A
[2017-04-28 19:51:29.044] RSSI env | rx: 37 8A
[2017-04-28 19:51:29.078] LNK Radio TX data: 0103048A37
[2017-04-28 19:52:28.128] LNK RX RSSI:8A
[2017-04-28 19:52:28.145] LNK Radio RX data: 0E03010201B70201B70102D704318A
[2017-04-28 19:52:28.201] Receiving:0E03010201B70201B70102D704318A
[2017-04-28 19:52:28.248] RSSI env | rx: 36 8A
[2017-04-28 19:52:28.282] LNK Radio TX data: 0103048A36
[2017-04-28 19:53:27.332] LNK RX RSSI:8A
[2017-04-28 19:53:27.349] LNK Radio RX data: 0E03010201B70201B70102D704358A
[2017-04-28 19:53:27.405] Receiving:0E03010201B70201B70102D704358A
[2017-04-28 19:53:27.452] RSSI env | rx: 36 8A
[2017-04-28 19:53:27.486] LNK Radio TX data: 0103048A36
[2017-04-28 19:54:26.538] LNK RX RSSI:8A
[2017-04-28 19:54:26.555] LNK Radio RX data: 0E03010201B70201B60102D704328A
[2017-04-28 19:54:26.612] Receiving:0E03010201B70201B60102D704328A
[2017-04-28 19:54:26.659] RSSI env | rx: 37 8A
[2017-04-28 19:54:26.692] LNK Radio TX data: 0103048A37
[2017-04-28 19:55:25.737] LNK RX RSSI:8A
[2017-04-28 19:55:25.755] LNK Radio RX data: 0E03010201B70201B70102D704348A
[2017-04-28 19:55:25.811] Receiving:0E03010201B70201B70102D704348A
[2017-04-28 19:55:25.858] RSSI env | rx: 36 8A
[2017-04-28 19:55:25.892] LNK Radio TX data: 0103048A36
[2017-04-28 19:56:24.945] LNK RX RSSI:8A
[2017-04-28 19:56:24.962] LNK Radio RX data: 0E03010201B60201B70102D704348A
[2017-04-28 19:56:25.018] Receiving:0E03010201B60201B70102D704348A
[2017-04-28 19:56:25.065] RSSI env | rx: 34 8A
[2017-04-28 19:56:25.099] LNK Radio TX data: 0103048A34
[2017-04-28 19:57:24.146] LNK RX RSSI:8A
[2017-04-28 19:57:24.164] LNK Radio RX data: 0E03010201B70201B60102D704338A
[2017-04-28 19:57:24.220] Receiving:0E03010201B70201B60102D704338A
[2017-04-28 19:57:24.267] RSSI env | rx: 35 8A
[2017-04-28 19:57:24.301] LNK Radio TX data: 0103048A35
[2017-04-28 19:58:23.355] LNK RX RSSI:8A
[2017-04-28 19:58:23.372] LNK Radio RX data: 0E03010201B70201B70102D604348A
[2017-04-28 19:58:23.428] Receiving:0E03010201B70201B70102D604348A
[2017-04-28 19:58:23.475] RSSI env | rx: 3A 8A
[2017-04-28 19:58:23.509] LNK Radio TX data: 0103048A3A
[2017-04-28 19:59:22.569] LNK RX RSSI:8A
[2017-04-28 19:59:22.586] LNK Radio RX data: 0E03010201B60201B70102D704308A
[2017-04-28 19:59:22.643] Receiving:0E03010201B60201B70102D704308A
[2017-04-28 19:59:22.689] RSSI env | rx: 36 8A
[2017-04-28 19:59:22.723] LNK Radio TX data: 0103048A36
[2017-04-28 20:00:21.803] LNK RX RSSI:8A
[2017-04-28 20:00:21.819] LNK Radio RX data: 0E03010201B70201B60102D704358A
[2017-04-28 20:00:21.875] Receiving:0E03010201B70201B60102D704358A
[2017-04-28 20:00:21.922] RSSI env | rx: 33 8A
[2017-04-28 20:00:21.956] LNK Radio TX data: 0103048A33
[2017-04-28 20:01:21.039] LNK RX RSSI:8A
[2017-04-28 20:01:21.056] LNK Radio RX data: 0E03010201B70201B70102D704318A
[2017-04-28 20:01:21.113] Receiving:0E03010201B70201B70102D704318A
[2017-04-28 20:01:21.159] RSSI env | rx: 36 8A
[2017-04-28 20:01:21.193] LNK Radio TX data: 0103048A36
[2017-04-28 20:02:20.260] LNK RX RSSI:8A
[2017-04-28 20:02:20.278] LNK Radio RX data: 0E03010201B70201B70102D704338A
[2017-04-28 20:02:20.334] Receiving:0E03010201B70201B70102D704338A
[2017-04-28 20:02:20.381] RSSI env | rx: 35 8A
[2017-04-28 20:02:20.414] LNK Radio TX data: 0103048A35
[2017-04-28 20:03:19.491] LNK RX RSSI:8A
[2017-04-28 20:03:19.508] LNK Radio RX data: 0E03010201B70201B70102D704318A
[2017-04-28 20:03:19.565] Receiving:0E03010201B70201B70102D704318A
[2017-04-28 20:03:19.612] RSSI env | rx: 36 8A
[2017-04-28 20:03:19.645] LNK Radio TX data: 0103048A36
[2017-04-28 20:04:18.728] LNK RX RSSI:8A
[2017-04-28 20:04:18.745] LNK Radio RX data: 0E03010201B60201B70102D704328A
[2017-04-28 20:04:18.801] Receiving:0E03010201B60201B70102D704328A
[2017-04-28 20:04:18.848] RSSI env | rx: 36 8A
[2017-04-28 20:04:18.882] LNK Radio TX data: 0103048A36
[2017-04-28 20:05:17.960] LNK RX RSSI:8A
[2017-04-28 20:05:17.978] LNK Radio RX data: 0E03010201B70201B60102D704348A
[2017-04-28 20:05:18.034] Receiving:0E03010201B70201B60102D704348A
[2017-04-28 20:05:18.081] RSSI env | rx: 36 8A
[2017-04-28 20:05:18.115] LNK Radio TX data: 0103048A36
[2017-04-28 20:06:17.193] LNK RX RSSI:8A
[2017-04-28 20:06:17.210] LNK Radio RX data: 0E03010201B70201B70102D704328A
[2017-04-28 20:06:17.266] Receiving:0E03010201B70201B70102D704328A
[2017-04-28 20:06:17.313] RSSI env | rx: 38 8A
[2017-04-28 20:06:17.347] LNK Radio TX data: 0103048A38
[2017-04-28 20:07:16.432] LNK RX RSSI:8A
[2017-04-28 20:07:16.449] LNK Radio RX data: 0E03010201B70201B70102D704358A
[2017-04-28 20:07:16.506] Receiving:0E03010201B70201B70102D704358A
[2017-04-28 20:07:16.553] RSSI env | rx: 37 8A
[2017-04-28 20:07:16.586] LNK Radio TX data: 0103048A37
[2017-04-28 20:08:15.679] LNK RX RSSI:8A
[2017-04-28 20:08:15.696] LNK Radio RX data: 0E03010201B70201B70102D704338A
[2017-04-28 20:08:15.752] Receiving:0E03010201B70201B70102D704338A
[2017-04-28 20:08:15.799] RSSI env | rx: 37 8A
[2017-04-28 20:08:15.833] LNK Radio TX data: 0103048A37
[2017-04-28 20:09:14.929] LNK RX RSSI:8A
[2017-04-28 20:09:14.946] LNK Radio RX data: 0E03010201B70201B60102D704348A
[2017-04-28 20:09:15.002] Receiving:0E03010201B70201B60102D704348A
[2017-04-28 20:09:15.049] RSSI env | rx: 37 8A
[2017-04-28 20:09:15.083] LNK Radio TX data: 0103048A37
[2017-04-28 20:10:14.176] LNK RX RSSI:8A
[2017-04-28 20:10:14.193] LNK Radio RX data: 0E03010201B70201B70102D704328A
[2017-04-28 20:10:14.250] Receiving:0E03010201B70201B70102D704328A
[2017-04-28 20:10:14.296] RSSI env | rx: 35 8A
[2017-04-28 20:10:14.330] LNK Radio TX data: 0103048A35
[2017-04-28 20:11:13.423] LNK RX RSSI:8A
[2017-04-28 20:11:13.440] LNK Radio RX data: 0E03010201B70201B60102D704358A
[2017-04-28 20:11:13.497] Receiving:0E03010201B70201B60102D704358A
[2017-04-28 20:11:13.543] RSSI env | rx: 35 8A
[2017-04-28 20:11:13.577] LNK Radio TX data: 0103048A35
[2017-04-28 20:12:12.677] LNK RX RSSI:8A
[2017-04-28 20:12:12.694] LNK Radio RX data: 0E03010201B60201B70102D704358A
[2017-04-28 20:12:12.751] Receiving:0E03010201B60201B70102D704358A
[2017-04-28 20:12:12.797] RSSI env | rx: 36 8A
[2017-04-28 20:12:12.831] LNK Radio TX data: 0103048A36
[2017-04-28 20:13:11.939] LNK RX RSSI:8A
[2017-04-28 20:13:11.956] LNK Radio RX data: 0E03010201B70201B60102D704328A
[2017-04-28 20:13:12.013] Receiving:0E03010201B70201B60102D704328A
[2017-04-28 20:13:12.059] RSSI env | rx: 36 8A
[2017-04-28 20:13:12.093] LNK Radio TX data: 0103048A36
[2017-04-28 20:14:11.219] LNK RX RSSI:8A
[2017-04-28 20:14:11.236] LNK Radio RX data: 0E03010201B60201B60102D704338A
[2017-04-28 20:14:11.292] Receiving:0E03010201B60201B60102D704338A
[2017-04-28 20:14:11.339] RSSI env | rx: 36 8A
[2017-04-28 20:14:11.373] LNK Radio TX data: 0103048A36
[2017-04-28 20:15:10.500] LNK RX RSSI:8A
[2017-04-28 20:15:10.517] LNK Radio RX data: 0E03010201B70201B60102D704318A
[2017-04-28 20:15:10.573] Receiving:0E03010201B70201B60102D704318A
[2017-04-28 20:15:10.620] RSSI env | rx: 34 8A
[2017-04-28 20:15:10.654] LNK Radio TX data: 0103048A34
[2017-04-28 20:16:09.766] LNK RX RSSI:8A
[2017-04-28 20:16:09.783] LNK Radio RX data: 0E03010201B60201B70102D704318A
[2017-04-28 20:16:09.839] Receiving:0E03010201B60201B70102D704318A
[2017-04-28 20:16:09.886] RSSI env | rx: 33 8A
[2017-04-28 20:16:09.920] LNK Radio TX data: 0103048A33
[2017-04-28 20:17:09.022] LNK RX RSSI:8A
[2017-04-28 20:17:09.039] LNK Radio RX data: 0E03010201B70201B70102D704308A
[2017-04-28 20:17:09.096] Receiving:0E03010201B70201B70102D704308A
[2017-04-28 20:17:09.142] RSSI env | rx: 35 8A
[2017-04-28 20:17:09.176] LNK Radio TX data: 0103048A35
[2017-04-28 20:18:08.275] LNK RX RSSI:8A
[2017-04-28 20:18:08.293] LNK Radio RX data: 0E03010201B70201B70102D7042F8A
[2017-04-28 20:18:08.350] Receiving:0E03010201B70201B70102D7042F8A
[2017-04-28 20:18:08.396] RSSI env | rx: 35 8A
[2017-04-28 20:18:08.431] LNK Radio TX data: 0103048A35
[2017-04-28 20:19:07.520] LNK RX RSSI:8A
[2017-04-28 20:19:07.538] LNK Radio RX data: 0E03010201B60201B60102D704338A
[2017-04-28 20:19:07.594] Receiving:0E03010201B60201B60102D704338A
[2017-04-28 20:19:07.641] RSSI env | rx: 35 8A
[2017-04-28 20:19:07.675] LNK Radio TX data: 0103048A35
[2017-04-28 20:20:06.768] LNK RX RSSI:8A
[2017-04-28 20:20:06.786] LNK Radio RX data: 0E03010201B70201B60102D704358A
[2017-04-28 20:20:06.842] Receiving:0E03010201B70201B60102D704358A
[2017-04-28 20:20:06.889] RSSI env | rx: 36 8A
[2017-04-28 20:20:06.923] LNK Radio TX data: 0103048A36
[2017-04-28 20:21:06.031] LNK RX RSSI:8A
[2017-04-28 20:21:06.048] LNK Radio RX data: 0E03010201B60201B70102D7042F8A
[2017-04-28 20:21:06.105] Receiving:0E03010201B60201B70102D7042F8A
[2017-04-28 20:21:06.151] RSSI env | rx: 35 8A
[2017-04-28 20:21:06.185] LNK Radio TX data: 0103048A35
[2017-04-28 20:22:05.301] LNK RX RSSI:8A
[2017-04-28 20:22:05.318] LNK Radio RX data: 0E03010201B60201B60102D704328A
[2017-04-28 20:22:05.374] Receiving:0E03010201B60201B60102D704328A
[2017-04-28 20:22:05.421] RSSI env | rx: 35 8A
[2017-04-28 20:22:05.455] LNK Radio TX data: 0103048A35
[2017-04-28 20:23:04.584] LNK RX RSSI:8A
[2017-04-28 20:23:04.601] LNK Radio RX data: 0E03010201B60201B60102D704328A
[2017-04-28 20:23:04.657] Receiving:0E03010201B60201B60102D704328A
[2017-04-28 20:23:04.704] RSSI env | rx: 38 8A
[2017-04-28 20:23:04.738] LNK Radio TX data: 0103048A38
[2017-04-28 20:24:03.881] LNK RX RSSI:8A
[2017-04-28 20:24:03.899] LNK Radio RX data: 0E03010201B60201B60102D704338A
[2017-04-28 20:24:03.955] Receiving:0E03010201B60201B60102D704338A
[2017-04-28 20:24:04.002] RSSI env | rx: 37 8A
[2017-04-28 20:24:04.036] LNK Radio TX data: 0103048A37
[2017-04-28 20:25:03.192] LNK RX RSSI:8A
[2017-04-28 20:25:03.209] LNK Radio RX data: 0E03010201B60201B60102D704348A
[2017-04-28 20:25:03.265] Receiving:0E03010201B60201B60102D704348A
[2017-04-28 20:25:03.312] RSSI env | rx: 39 8A
[2017-04-28 20:25:03.346] LNK Radio TX data: 0103048A39
[2017-04-28 20:26:02.497] LNK RX RSSI:8A
[2017-04-28 20:26:02.514] LNK Radio RX data: 0E03010201B60201B60102D704328A
[2017-04-28 20:26:02.570] Receiving:0E03010201B60201B60102D704328A
[2017-04-28 20:26:02.617] RSSI env | rx: 37 8A
[2017-04-28 20:26:02.651] LNK Radio TX data: 0103048A37
[2017-04-28 20:27:01.797] LNK RX RSSI:8A
[2017-04-28 20:27:01.814] LNK Radio RX data: 0E03010201B60201B60102D604358A
[2017-04-28 20:27:01.871] Receiving:0E03010201B60201B60102D604358A
[2017-04-28 20:27:01.917] RSSI env | rx: 37 8A
[2017-04-28 20:27:01.951] LNK Radio TX data: 0103048A37
[2017-04-28 20:28:01.091] LNK RX RSSI:8A
[2017-04-28 20:28:01.108] LNK Radio RX data: 0E03010201B60201B60102D704358A
[2017-04-28 20:28:01.165] Receiving:0E03010201B60201B60102D704358A
[2017-04-28 20:28:01.212] RSSI env | rx: 38 8A
[2017-04-28 20:28:01.245] LNK Radio TX data: 0103048A38
[2017-04-28 20:29:00.385] LNK RX RSSI:8A
[2017-04-28 20:29:00.402] LNK Radio RX data: 0E03010201B60201B60102D604348A
[2017-04-28 20:29:00.459] Receiving:0E03010201B60201B60102D604348A
[2017-04-28 20:29:00.505] RSSI env | rx: 35 8A
[2017-04-28 20:29:00.539] LNK Radio TX data: 0103048A35
[2017-04-28 20:29:59.687] LNK RX RSSI:8A
[2017-04-28 20:29:59.704] LNK Radio RX data: 0E03010201B60201B60102D704328A
[2017-04-28 20:29:59.761] Receiving:0E03010201B60201B60102D704328A
[2017-04-28 20:29:59.807] RSSI env | rx: 35 8A
[2017-04-28 20:29:59.841] LNK Radio TX data: 0103048A35
[2017-04-28 20:30:58.999] LNK RX RSSI:8A
[2017-04-28 20:30:59.016] LNK Radio RX data: 0E03010201B70201B60102D704318A
[2017-04-28 20:30:59.072] Receiving:0E03010201B70201B60102D704318A
[2017-04-28 20:30:59.119] RSSI env | rx: 37 8A
[2017-04-28 20:30:59.153] LNK Radio TX data: 0103048A37
[2017-04-28 20:31:58.309] LNK RX RSSI:8A
[2017-04-28 20:31:58.326] LNK Radio RX data: 0E03010201B60201B60102D604358A
[2017-04-28 20:31:58.383] Receiving:0E03010201B60201B60102D604358A
[2017-04-28 20:31:58.429] RSSI env | rx: 38 8A
[2017-04-28 20:31:58.463] LNK Radio TX data: 0103048A38
[2017-04-28 20:32:57.623] LNK RX RSSI:8A
[2017-04-28 20:32:57.640] LNK Radio RX data: 0E03010201B60201B60102D704358A
[2017-04-28 20:32:57.696] Receiving:0E03010201B60201B60102D704358A
[2017-04-28 20:32:57.743] RSSI env | rx: 35 8A
[2017-04-28 20:32:57.777] LNK Radio TX data: 0103048A35
[2017-04-28 20:33:56.950] LNK RX RSSI:8A
[2017-04-28 20:33:56.967] LNK Radio RX data: 0E03010201B60201B60102D604338A
[2017-04-28 20:33:57.023] Receiving:0E03010201B60201B60102D604338A
[2017-04-28 20:33:57.070] RSSI env | rx: 37 8A
[2017-04-28 20:33:57.104] LNK Radio TX data: 0103048A37
[2017-04-28 20:34:56.281] LNK RX RSSI:8A
[2017-04-28 20:34:56.298] LNK Radio RX data: 0E03010201B60201B60102D704328A
[2017-04-28 20:34:56.355] Receiving:0E03010201B60201B60102D704328A
[2017-04-28 20:34:56.402] RSSI env | rx: 37 8A
[2017-04-28 20:34:56.435] LNK Radio TX data: 0103048A37
[2017-04-28 20:35:55.569] LNK RX RSSI:8A
[2017-04-28 20:35:55.587] LNK Radio RX data: 0E03010201B70201B70102D704348A
[2017-04-28 20:35:55.643] Receiving:0E03010201B70201B70102D704348A
[2017-04-28 20:35:55.690] RSSI env | rx: 36 8A
[2017-04-28 20:35:55.724] LNK Radio TX data: 0103048A36
[2017-04-28 20:36:54.796] LNK RX RSSI:8A
[2017-04-28 20:36:54.814] LNK Radio RX data: 0E03010201B70201B70102D704358A
[2017-04-28 20:36:54.870] Receiving:0E03010201B70201B70102D704358A
[2017-04-28 20:36:54.917] RSSI env | rx: 37 8A
[2017-04-28 20:36:54.951] LNK Radio TX data: 0103048A37
[2017-04-28 20:37:53.972] LNK RX RSSI:8A
[2017-04-28 20:37:53.990] LNK Radio RX data: 0E03010201B70201B70102D704358A
[2017-04-28 20:37:54.046] Receiving:0E03010201B70201B70102D704358A
[2017-04-28 20:37:54.093] RSSI env | rx: 38 8A
[2017-04-28 20:37:54.126] LNK Radio TX data: 0103048A38
[2017-04-28 20:38:53.096] LNK RX RSSI:8A
[2017-04-28 20:38:53.113] LNK Radio RX data: 0E03010201B70201B70102D704338A
[2017-04-28 20:38:53.170] Receiving:0E03010201B70201B70102D704338A
[2017-04-28 20:38:53.216] RSSI env | rx: 31 8A
[2017-04-28 20:38:53.250] LNK Radio TX data: 0103048A31
[2017-04-28 20:39:52.175] LNK RX RSSI:8A
[2017-04-28 20:39:52.192] LNK Radio RX data: 0E03010201B80201B70102D704348A
[2017-04-28 20:39:52.248] Receiving:0E03010201B80201B70102D704348A
[2017-04-28 20:39:52.295] RSSI env | rx: 34 8A
[2017-04-28 20:39:52.329] LNK Radio TX data: 0103048A34
[2017-04-28 20:40:51.222] LNK RX RSSI:8A
[2017-04-28 20:40:51.239] LNK Radio RX data: 0E03010201B80201B80102D704348A
[2017-04-28 20:40:51.296] Receiving:0E03010201B80201B80102D704348A
[2017-04-28 20:40:51.342] RSSI env | rx: 36 8A
[2017-04-28 20:40:51.376] LNK Radio TX data: 0103048A36
[2017-04-28 20:41:50.239] LNK RX RSSI:8A
[2017-04-28 20:41:50.256] LNK Radio RX data: 0E03010201B80201B80102D704348A
[2017-04-28 20:41:50.312] Receiving:0E03010201B80201B80102D704348A
[2017-04-28 20:41:50.359] RSSI env | rx: 35 8A
[2017-04-28 20:41:50.393] LNK Radio TX data: 0103048A35
[2017-04-28 20:42:49.233] LNK RX RSSI:8A
[2017-04-28 20:42:49.251] LNK Radio RX data: 0E03010201B80201B80102D704348A
[2017-04-28 20:42:49.307] Receiving:0E03010201B80201B80102D704348A
[2017-04-28 20:42:49.354] RSSI env | rx: 36 8A
[2017-04-28 20:42:49.388] LNK Radio TX data: 0103048A36
[2017-04-28 20:43:48.213] LNK RX RSSI:8A
[2017-04-28 20:43:48.230] LNK Radio RX data: 0E03010201B80201B90102D704318A
[2017-04-28 20:43:48.286] Receiving:0E03010201B80201B90102D704318A
[2017-04-28 20:43:48.333] RSSI env | rx: 34 8A
[2017-04-28 20:43:48.367] LNK Radio TX data: 0103048A34
[2017-04-28 20:44:47.169] LNK RX RSSI:8A
[2017-04-28 20:44:47.186] LNK Radio RX data: 0E03010201B90201B90102D604338A
[2017-04-28 20:44:47.241] Receiving:0E03010201B90201B90102D604338A
[2017-04-28 20:44:47.289] RSSI env | rx: 35 8A
[2017-04-28 20:44:47.323] LNK Radio TX data: 0103048A35
[2017-04-28 20:45:46.118] LNK RX RSSI:8A
[2017-04-28 20:45:46.135] LNK Radio RX data: 0E03010201B90201B90102D604328A
[2017-04-28 20:45:46.191] Receiving:0E03010201B90201B90102D604328A
[2017-04-28 20:45:46.238] RSSI env | rx: 35 8A
[2017-04-28 20:45:46.272] LNK Radio TX data: 0103048A35
[2017-04-28 20:46:45.060] LNK RX RSSI:8A
[2017-04-28 20:46:45.078] LNK Radio RX data: 0E03010201B90201B90102D704328A
[2017-04-28 20:46:45.134] Receiving:0E03010201B90201B90102D704328A
[2017-04-28 20:46:45.181] RSSI env | rx: 36 8A
[2017-04-28 20:46:45.215] LNK Radio TX data: 0103048A36
[2017-04-28 20:47:43.977] LNK RX RSSI:8A
[2017-04-28 20:47:43.994] LNK Radio RX data: 0E03010201B90201B90102D704338A
[2017-04-28 20:47:44.050] Receiving:0E03010201B90201B90102D704338A
[2017-04-28 20:47:44.097] RSSI env | rx: 33 8A
[2017-04-28 20:47:44.131] LNK Radio TX data: 0103048A33
[2017-04-28 20:48:42.888] LNK RX RSSI:8A
[2017-04-28 20:48:42.905] LNK Radio RX data: 0E03010201B90201B90102D704318A
[2017-04-28 20:48:42.961] Receiving:0E03010201B90201B90102D704318A
[2017-04-28 20:48:43.008] RSSI env | rx: 34 8A
[2017-04-28 20:48:43.042] LNK Radio TX data: 0103048A34
[2017-04-28 20:49:41.773] LNK RX RSSI:8A
[2017-04-28 20:49:41.790] LNK Radio RX data: 0E03010201B90201B90102D7042F8A
[2017-04-28 20:49:41.846] Receiving:0E03010201B90201B90102D7042F8A
[2017-04-28 20:49:41.893] RSSI env | rx: 34 8A
[2017-04-28 20:49:41.927] LNK Radio TX data: 0103048A34
[2017-04-28 20:50:40.658] LNK RX RSSI:8A
[2017-04-28 20:50:40.675] LNK Radio RX data: 0E03010201BA0201B90102D704318A
[2017-04-28 20:50:40.731] Receiving:0E03010201BA0201B90102D704318A
[2017-04-28 20:50:40.778] RSSI env | rx: 36 8A
[2017-04-28 20:50:40.812] LNK Radio TX data: 0103048A36
[2017-04-28 20:51:39.541] LNK RX RSSI:8A
[2017-04-28 20:51:39.559] LNK Radio RX data: 0E03010201B90201B90102D704358A
[2017-04-28 20:51:39.615] Receiving:0E03010201B90201B90102D704358A
[2017-04-28 20:51:39.662] RSSI env | rx: 34 8A
[2017-04-28 20:51:39.696] LNK Radio TX data: 0103048A34
[2017-04-28 20:52:38.411] LNK RX RSSI:8A
[2017-04-28 20:52:38.428] LNK Radio RX data: 0E03010201BA0201B90102D704338A
[2017-04-28 20:52:38.485] Receiving:0E03010201BA0201B90102D704338A
[2017-04-28 20:52:38.531] RSSI env | rx: 34 8A
[2017-04-28 20:52:38.565] LNK Radio TX data: 0103048A34
[2017-04-28 20:53:37.280] LNK RX RSSI:8A
[2017-04-28 20:53:37.297] LNK Radio RX data: 0E03010201BA0201B90102D704338A
[2017-04-28 20:53:37.354] Receiving:0E03010201BA0201B90102D704338A
[2017-04-28 20:53:37.400] RSSI env | rx: 34 8A
[2017-04-28 20:53:37.434] LNK Radio TX data: 0103048A34
[2017-04-28 20:54:36.159] LNK RX RSSI:8A
[2017-04-28 20:54:36.176] LNK Radio RX data: 0E03010201B90201B90102D704358A
[2017-04-28 20:54:36.232] Receiving:0E03010201B90201B90102D704358A
[2017-04-28 20:54:36.279] RSSI env | rx: 36 8A
[2017-04-28 20:54:36.313] LNK Radio TX data: 0103048A36
[2017-04-28 20:55:35.018] LNK RX RSSI:8A
[2017-04-28 20:55:35.035] LNK Radio RX data: 0E03010201B90201B90102D704358A
[2017-04-28 20:55:35.092] Receiving:0E03010201B90201B90102D704358A
[2017-04-28 20:55:35.139] RSSI env | rx: 37 8A
[2017-04-28 20:55:35.172] LNK Radio TX data: 0103048A37
[2017-04-28 20:56:33.880] LNK RX RSSI:8A
[2017-04-28 20:56:33.897] LNK Radio RX data: 0E03010201BA0201B90102D704328A
[2017-04-28 20:56:33.954] Receiving:0E03010201BA0201B90102D704328A
[2017-04-28 20:56:34.000] RSSI env | rx: 32 8A
[2017-04-28 20:56:34.034] LNK Radio TX data: 0103048A32
[2017-04-28 20:57:32.746] LNK RX RSSI:8A
[2017-04-28 20:57:32.763] LNK Radio RX data: 0E03010201B90201BA0102D704358A
[2017-04-28 20:57:32.820] Receiving:0E03010201B90201BA0102D704358A
[2017-04-28 20:57:32.866] RSSI env | rx: 34 8A
[2017-04-28 20:57:32.900] LNK Radio TX data: 0103048A34
[2017-04-28 20:58:31.591] LNK RX RSSI:8A
[2017-04-28 20:58:31.609] LNK Radio RX data: 0E03010201B90201B90102D704348A
[2017-04-28 20:58:31.665] Receiving:0E03010201B90201B90102D704348A
[2017-04-28 20:58:31.712] RSSI env | rx: 33 8A
[2017-04-28 20:58:31.745] LNK Radio TX data: 0103048A33
[2017-04-28 20:59:30.432] LNK RX RSSI:8A
[2017-04-28 20:59:30.449] LNK Radio RX data: 0E03010201B90201B90102D704328A
[2017-04-28 20:59:30.506] Receiving:0E03010201B90201B90102D704328A
[2017-04-28 20:59:30.552] RSSI env | rx: 35 8A
[2017-04-28 20:59:30.586] LNK Radio TX data: 0103048A35
[2017-04-28 21:00:29.257] LNK RX RSSI:8A
[2017-04-28 21:00:29.274] LNK Radio RX data: 0E03010201BA0201B90102D7042E8A
[2017-04-28 21:00:29.330] Receiving:0E03010201BA0201B90102D7042E8A
[2017-04-28 21:00:29.377] RSSI env | rx: 35 8A
[2017-04-28 21:00:29.411] LNK Radio TX data: 0103048A35
[2017-04-28 21:01:28.077] LNK RX RSSI:8A
[2017-04-28 21:01:28.094] LNK Radio RX data: 0E03010201B90201BA0102D704348A
[2017-04-28 21:01:28.150] Receiving:0E03010201B90201BA0102D704348A
[2017-04-28 21:01:28.197] RSSI env | rx: 36 8A
[2017-04-28 21:01:28.231] LNK Radio TX data: 0103048A36
[2017-04-28 21:02:26.890] LNK RX RSSI:8A
[2017-04-28 21:02:26.907] LNK Radio RX data: 0E03010201BA0201B90102D704318A
[2017-04-28 21:02:26.964] Receiving:0E03010201BA0201B90102D704318A
[2017-04-28 21:02:27.011] RSSI env | rx: 37 8A
[2017-04-28 21:02:27.044] LNK Radio TX data: 0103048A37
[2017-04-28 21:03:25.700] LNK RX RSSI:8A
[2017-04-28 21:03:25.718] LNK Radio RX data: 0E03010201B90201B90102D704328A
[2017-04-28 21:03:25.774] Receiving:0E03010201B90201B90102D704328A
[2017-04-28 21:03:25.821] RSSI env | rx: 36 8A
[2017-04-28 21:03:25.855] LNK Radio TX data: 0103048A36
[2017-04-28 21:04:24.509] LNK RX RSSI:8A
[2017-04-28 21:04:24.527] LNK Radio RX data: 0E03010201BA0201B90102D704318A
[2017-04-28 21:04:24.583] Receiving:0E03010201BA0201B90102D704318A
[2017-04-28 21:04:24.630] RSSI env | rx: 34 8A
[2017-04-28 21:04:24.664] LNK Radio TX data: 0103048A34
[2017-04-28 21:05:23.310] LNK RX RSSI:8A
[2017-04-28 21:05:23.328] LNK Radio RX data: 0E03010201BA0201BA0102D704318A
[2017-04-28 21:05:23.384] Receiving:0E03010201BA0201BA0102D704318A
[2017-04-28 21:05:23.431] RSSI env | rx: 32 8A
[2017-04-28 21:05:23.465] LNK Radio TX data: 0103048A32
[2017-04-28 21:06:22.114] LNK RX RSSI:8A
[2017-04-28 21:06:22.131] LNK Radio RX data: 0E03010201BA0201BA0102D704328A
[2017-04-28 21:06:22.188] Receiving:0E03010201BA0201BA0102D704328A
[2017-04-28 21:06:22.233] RSSI env | rx: 35 8A
[2017-04-28 21:06:22.268] LNK Radio TX data: 0103048A35
[2017-04-28 21:07:20.913] LNK RX RSSI:8A
[2017-04-28 21:07:20.929] LNK Radio RX data: 0E03010201B90201B90102D704368A
[2017-04-28 21:07:20.986] Receiving:0E03010201B90201B90102D704368A
[2017-04-28 21:07:21.032] RSSI env | rx: 35 8A
[2017-04-28 21:07:21.067] LNK Radio TX data: 0103048A35
[2017-04-28 21:08:19.711] LNK RX RSSI:8A
[2017-04-28 21:08:19.729] LNK Radio RX data: 0E03010201BA0201B90102D704338A
[2017-04-28 21:08:19.784] Receiving:0E03010201BA0201B90102D704338A
[2017-04-28 21:08:19.831] RSSI env | rx: 34 8A
[2017-04-28 21:08:19.865] LNK Radio TX data: 0103048A34
[2017-04-28 21:09:18.497] LNK RX RSSI:8A
[2017-04-28 21:09:18.514] LNK Radio RX data: 0E03010201B90201BA0102D704348A
[2017-04-28 21:09:18.570] Receiving:0E03010201B90201BA0102D704348A
[2017-04-28 21:09:18.617] RSSI env | rx: 34 8A
[2017-04-28 21:09:18.651] LNK Radio TX data: 0103048A34
[2017-04-28 21:10:17.280] LNK RX RSSI:8A
[2017-04-28 21:10:17.297] LNK Radio RX data: 0E03010201BA0201B90102D704338A
[2017-04-28 21:10:17.353] Receiving:0E03010201BA0201B90102D704338A
[2017-04-28 21:10:17.400] RSSI env | rx: 35 8A
[2017-04-28 21:10:17.434] LNK Radio TX data: 0103048A35
[2017-04-28 21:11:16.057] LNK RX RSSI:8A
[2017-04-28 21:11:16.074] LNK Radio RX data: 0E03010201BA0201BA0102D704328A
[2017-04-28 21:11:16.131] Receiving:0E03010201BA0201BA0102D704328A
[2017-04-28 21:11:16.178] RSSI env | rx: 34 8A
[2017-04-28 21:11:16.211] LNK Radio TX data: 0103048A34
[2017-04-28 21:12:14.829] LNK RX RSSI:8A
[2017-04-28 21:12:14.846] LNK Radio RX data: 0E03010201BA0201B90102D704338A
[2017-04-28 21:12:14.903] Receiving:0E03010201BA0201B90102D704338A
[2017-04-28 21:12:14.949] RSSI env | rx: 35 8A
[2017-04-28 21:12:14.983] LNK Radio TX data: 0103048A35
[2017-04-28 21:13:13.600] LNK RX RSSI:8A
[2017-04-28 21:13:13.617] LNK Radio RX data: 0E03010201BA0201BA0102D704318A
[2017-04-28 21:13:13.673] Receiving:0E03010201BA0201BA0102D704318A
[2017-04-28 21:13:13.720] RSSI env | rx: 35 8A
[2017-04-28 21:13:13.754] LNK Radio TX data: 0103048A35
[2017-04-28 21:14:12.374] LNK RX RSSI:8A
[2017-04-28 21:14:12.391] LNK Radio RX data: 0E03010201BA0201BA0102D604348A
[2017-04-28 21:14:12.446] Receiving:0E03010201BA0201BA0102D604348A
[2017-04-28 21:14:12.493] RSSI env | rx: 34 8A
[2017-04-28 21:14:12.528] LNK Radio TX data: 0103048A34
[2017-04-28 21:15:11.141] LNK RX RSSI:8A
[2017-04-28 21:15:11.159] LNK Radio RX data: 0E03010201B90201BA0102D704338A
[2017-04-28 21:15:11.215] Receiving:0E03010201B90201BA0102D704338A
[2017-04-28 21:15:11.262] RSSI env | rx: 35 8A
[2017-04-28 21:15:11.296] LNK Radio TX data: 0103048A35
[2017-04-28 21:15:24.803] LNK RX RSSI:8A
[2017-04-28 21:15:24.820] LNK Radio RX data: 0E03010201BA0201BA0102D704328A
[2017-04-28 21:15:24.876] Receiving:0E03010201BA0201BA0102D704328A
[2017-04-28 21:15:24.923] RSSI env | rx: 35 8A
[2017-04-28 21:15:24.957] LNK Radio TX data: 0103048A35
[2017-04-28 21:16:10.723] LNK RX RSSI:8A
[2017-04-28 21:16:10.740] LNK Radio RX data: 0E03010201B90201B90102D704323E
[2017-04-28 21:16:10.797] Receiving:0E03010201B90201B90102D704323E
[2017-04-28 21:16:10.844] RSSI env | rx: 33 8A
[2017-04-28 21:16:10.877] LNK Radio TX data: 0103048A33
[2017-04-28 21:17:09.511] LNK RX RSSI:8A
[2017-04-28 21:17:09.528] LNK Radio RX data: 0E03010201B90201B90102D704328A
[2017-04-28 21:17:09.585] Receiving:0E03010201B90201B90102D704328A
[2017-04-28 21:17:09.632] RSSI env | rx: 35 8A
[2017-04-28 21:17:09.665] LNK Radio TX data: 0103048A35
[2017-04-28 21:18:08.300] LNK RX RSSI:8A
[2017-04-28 21:18:08.318] LNK Radio RX data: 0E03010201BA0201B90102D704338A
[2017-04-28 21:18:08.374] Receiving:0E03010201BA0201B90102D704338A
[2017-04-28 21:18:08.421] RSSI env | rx: 35 8A
[2017-04-28 21:18:08.455] LNK Radio TX data: 0103048A35
[2017-04-28 21:19:07.112] LNK RX RSSI:8A
[2017-04-28 21:19:07.130] LNK Radio RX data: 0E03010201B90201BA0102D7042F8A
[2017-04-28 21:19:07.186] Receiving:0E03010201B90201BA0102D7042F8A
[2017-04-28 21:19:07.233] RSSI env | rx: 35 8A
[2017-04-28 21:19:07.267] LNK Radio TX data: 0103048A35
[2017-04-28 21:20:05.929] LNK RX RSSI:8A
[2017-04-28 21:20:05.947] LNK Radio RX data: 0E03010201BA0201B90102D704308A
[2017-04-28 21:20:06.003] Receiving:0E03010201BA0201B90102D704308A
[2017-04-28 21:20:06.050] RSSI env | rx: 32 8A
[2017-04-28 21:20:06.083] LNK Radio TX data: 0103048A32
[2017-04-28 21:21:04.759] LNK RX RSSI:8A
[2017-04-28 21:21:04.777] LNK Radio RX data: 0E03010201B90201B90102D704308A
[2017-04-28 21:21:04.833] Receiving:0E03010201B90201B90102D704308A
[2017-04-28 21:21:04.880] RSSI env | rx: 32 8A
[2017-04-28 21:21:04.914] LNK Radio TX data: 0103048A32
[2017-04-28 21:22:03.582] LNK RX RSSI:8A
[2017-04-28 21:22:03.599] LNK Radio RX data: 0E03010201BA0201B90102D7042F8A
[2017-04-28 21:22:03.655] Receiving:0E03010201BA0201B90102D7042F8A
[2017-04-28 21:22:03.702] RSSI env | rx: 34 8A
[2017-04-28 21:22:03.736] LNK Radio TX data: 0103048A34
[2017-04-28 21:23:02.407] LNK RX RSSI:8A
[2017-04-28 21:23:02.424] LNK Radio RX data: 0E03010201BA0201B90102D704308A
[2017-04-28 21:23:02.480] Receiving:0E03010201BA0201B90102D704308A
[2017-04-28 21:23:02.527] RSSI env | rx: 34 8A
[2017-04-28 21:23:02.561] LNK Radio TX data: 0103048A34
[2017-04-28 21:24:01.228] LNK RX RSSI:8A
[2017-04-28 21:24:01.245] LNK Radio RX data: 0E03010201BA0201B90102D704328A
[2017-04-28 21:24:01.302] Receiving:0E03010201BA0201B90102D704328A
[2017-04-28 21:24:01.349] RSSI env | rx: 32 8A
[2017-04-28 21:24:01.382] LNK Radio TX data: 0103048A32
[2017-04-28 21:25:00.055] LNK RX RSSI:8A
[2017-04-28 21:25:00.072] LNK Radio RX data: 0E03010201B90201B90102D704308A
[2017-04-28 21:25:00.129] Receiving:0E03010201B90201B90102D704308A
[2017-04-28 21:25:00.175] RSSI env | rx: 35 8A
[2017-04-28 21:25:00.209] LNK Radio TX data: 0103048A35
[2017-04-28 21:25:58.883] LNK RX RSSI:8A
[2017-04-28 21:25:58.902] LNK Radio RX data: 0E03010201B90201B90102D704338A
[2017-04-28 21:25:58.957] Receiving:0E03010201B90201B90102D704338A
[2017-04-28 21:25:59.004] RSSI env | rx: 33 8A
[2017-04-28 21:25:59.039] LNK Radio TX data: 0103048A33
[2017-04-28 21:26:57.712] LNK RX RSSI:8A
[2017-04-28 21:26:57.729] LNK Radio RX data: 0E03010201BA0201B90102D7042E8A
[2017-04-28 21:26:57.785] Receiving:0E03010201BA0201B90102D7042E8A
[2017-04-28 21:26:57.832] RSSI env | rx: 35 8A
[2017-04-28 21:26:57.866] LNK Radio TX data: 0103048A35
[2017-04-28 21:27:56.541] LNK RX RSSI:8A
[2017-04-28 21:27:56.558] LNK Radio RX data: 0E03010201BA0201B90102D704308A
[2017-04-28 21:27:56.614] Receiving:0E03010201BA0201B90102D704308A
[2017-04-28 21:27:56.661] RSSI env | rx: 2F 8A
[2017-04-28 21:27:56.695] LNK Radio TX data: 0103048A2F
[2017-04-28 21:28:55.371] LNK RX RSSI:8A
[2017-04-28 21:28:55.389] LNK Radio RX data: 0E03010201B90201B90102D7042F8A
[2017-04-28 21:28:55.445] Receiving:0E03010201B90201B90102D7042F8A
[2017-04-28 21:28:55.492] RSSI env | rx: 33 8A
[2017-04-28 21:28:55.526] LNK Radio TX data: 0103048A33
[2017-04-28 21:29:54.202] LNK RX RSSI:8A
[2017-04-28 21:29:54.219] LNK Radio RX data: 0E03010201B90201B90102D704318A
[2017-04-28 21:29:54.276] Receiving:0E03010201B90201B90102D704318A
[2017-04-28 21:29:54.323] RSSI env | rx: 33 8A
[2017-04-28 21:29:54.356] LNK Radio TX data: 0103048A33
[2017-04-28 21:30:53.040] LNK RX RSSI:8A
[2017-04-28 21:30:53.056] LNK Radio RX data: 0E03010201B90201B90102D604308A
[2017-04-28 21:30:53.112] Receiving:0E03010201B90201B90102D604308A
[2017-04-28 21:30:53.159] RSSI env | rx: 34 8A
[2017-04-28 21:30:53.194] LNK Radio TX data: 0103048A34
[2017-04-28 21:31:51.873] LNK RX RSSI:8A
[2017-04-28 21:31:51.891] LNK Radio RX data: 0E03010201B90201B90102D704328A
[2017-04-28 21:31:51.947] Receiving:0E03010201B90201B90102D704328A
[2017-04-28 21:31:51.993] RSSI env | rx: 34 8A
[2017-04-28 21:31:52.028] LNK Radio TX data: 0103048A34
[2017-04-28 21:32:50.702] LNK RX RSSI:8A
[2017-04-28 21:32:50.720] LNK Radio RX data: 0E03010201B90201B90102D7042F8A
[2017-04-28 21:32:50.776] Receiving:0E03010201B90201B90102D7042F8A
[2017-04-28 21:32:50.823] RSSI env | rx: 34 8A
[2017-04-28 21:32:50.856] LNK Radio TX data: 0103048A34
[2017-04-28 21:33:49.533] LNK RX RSSI:8A
[2017-04-28 21:33:49.550] LNK Radio RX data: 0E03010201BA0201B90102D7042F8A
[2017-04-28 21:33:49.607] Receiving:0E03010201BA0201B90102D7042F8A
[2017-04-28 21:33:49.653] RSSI env | rx: 36 8A
[2017-04-28 21:33:49.687] LNK Radio TX data: 0103048A36
[2017-04-28 21:34:48.353] LNK RX RSSI:8A
[2017-04-28 21:34:48.371] LNK Radio RX data: 0E03010201BA0201B90102D604338A
[2017-04-28 21:34:48.427] Receiving:0E03010201BA0201B90102D604338A
[2017-04-28 21:34:48.474] RSSI env | rx: 33 8A
[2017-04-28 21:34:48.508] LNK Radio TX data: 0103048A33
[2017-04-28 21:35:47.171] LNK RX RSSI:8A
[2017-04-28 21:35:47.188] LNK Radio RX data: 0E03010201B90201B90102D7042D8A
[2017-04-28 21:35:47.245] Receiving:0E03010201B90201B90102D7042D8A
[2017-04-28 21:35:47.291] RSSI env | rx: 34 8A
[2017-04-28 21:35:47.325] LNK Radio TX data: 0103048A34
[2017-04-28 21:36:45.998] LNK RX RSSI:8A
[2017-04-28 21:36:46.015] LNK Radio RX data: 0E03010201B90201B90102D704318A
[2017-04-28 21:36:46.072] Receiving:0E03010201B90201B90102D704318A
[2017-04-28 21:36:46.119] RSSI env | rx: 36 8A
[2017-04-28 21:36:46.152] LNK Radio TX data: 0103048A36
[2017-04-28 21:37:44.818] LNK RX RSSI:8A
[2017-04-28 21:37:44.835] LNK Radio RX data: 0E03010201B90201B90102D7042E8A
[2017-04-28 21:37:44.892] Receiving:0E03010201B90201B90102D7042E8A
[2017-04-28 21:37:44.938] RSSI env | rx: 34 8A
[2017-04-28 21:37:44.972] LNK Radio TX data: 0103048A34
[2017-04-28 21:38:43.635] LNK RX RSSI:8A
[2017-04-28 21:38:43.652] LNK Radio RX data: 0E03010201B90201B90102D704318A
[2017-04-28 21:38:43.709] Receiving:0E03010201B90201B90102D704318A
[2017-04-28 21:38:43.755] RSSI env | rx: 36 8A
[2017-04-28 21:38:43.789] LNK Radio TX data: 0103048A36
[2017-04-28 21:39:42.448] LNK RX RSSI:8A
[2017-04-28 21:39:42.465] LNK Radio RX data: 0E03010201BA0201B90102D604318A
[2017-04-28 21:39:42.521] Receiving:0E03010201BA0201B90102D604318A
[2017-04-28 21:39:42.568] RSSI env | rx: 33 8A
[2017-04-28 21:39:42.602] LNK Radio TX data: 0103048A33
[2017-04-28 21:40:41.268] LNK RX RSSI:8A
[2017-04-28 21:40:41.285] LNK Radio RX data: 0E03010201B90201BA0102D704308A
[2017-04-28 21:40:41.342] Receiving:0E03010201B90201BA0102D704308A
[2017-04-28 21:40:41.388] RSSI env | rx: 35 8A
[2017-04-28 21:40:41.422] LNK Radio TX data: 0103048A35
[2017-04-28 21:41:40.096] LNK RX RSSI:8A
[2017-04-28 21:41:40.113] LNK Radio RX data: 0E03010201BA0201B90102D704328A
[2017-04-28 21:41:40.170] Receiving:0E03010201BA0201B90102D704328A
[2017-04-28 21:41:40.217] RSSI env | rx: 35 8A
[2017-04-28 21:41:40.250] LNK Radio TX data: 0103048A35
[2017-04-28 21:42:38.919] LNK RX RSSI:8A
[2017-04-28 21:42:38.937] LNK Radio RX data: 0E03010201B90201B90102D704318A
[2017-04-28 21:42:38.993] Receiving:0E03010201B90201B90102D704318A
[2017-04-28 21:42:39.039] RSSI env | rx: 36 8A
[2017-04-28 21:42:39.073] LNK Radio TX data: 0103048A36
[2017-04-28 21:43:37.729] LNK RX RSSI:8A
[2017-04-28 21:43:37.746] LNK Radio RX data: 0E03010201B90201B90102D704308A
[2017-04-28 21:43:37.803] Receiving:0E03010201B90201B90102D704308A
[2017-04-28 21:43:37.849] RSSI env | rx: 33 8A
[2017-04-28 21:43:37.883] LNK Radio TX data: 0103048A33
[2017-04-28 21:44:36.534] LNK RX RSSI:8A
[2017-04-28 21:44:36.551] LNK Radio RX data: 0E03010201B90201B90102D704328A
[2017-04-28 21:44:36.607] Receiving:0E03010201B90201B90102D704328A
[2017-04-28 21:44:36.654] RSSI env | rx: 34 8A
[2017-04-28 21:44:36.688] LNK Radio TX data: 0103048A34
[2017-04-28 21:45:35.342] LNK RX RSSI:8A
[2017-04-28 21:45:35.360] LNK Radio RX data: 0E03010201BA0201B90102D704328A
[2017-04-28 21:45:35.416] Receiving:0E03010201BA0201B90102D704328A
[2017-04-28 21:45:35.463] RSSI env | rx: 34 8A
[2017-04-28 21:45:35.497] LNK Radio TX data: 0103048A34
[2017-04-28 21:46:34.165] LNK RX RSSI:8A
[2017-04-28 21:46:34.182] LNK Radio RX data: 0E03010201BA0201BA0102D704318A
[2017-04-28 21:46:34.238] Receiving:0E03010201BA0201BA0102D704318A
[2017-04-28 21:46:34.285] RSSI env | rx: 35 8A
[2017-04-28 21:46:34.319] LNK Radio TX data: 0103048A35
[2017-04-28 21:47:32.993] LNK RX RSSI:8A
[2017-04-28 21:47:33.010] LNK Radio RX data: 0E03010201B90201B90102D704328A
[2017-04-28 21:47:33.067] Receiving:0E03010201B90201B90102D704328A
[2017-04-28 21:47:33.113] RSSI env | rx: 33 8A
[2017-04-28 21:47:33.147] LNK Radio TX data: 0103048A33
[2017-04-28 21:48:31.827] LNK RX RSSI:8A
[2017-04-28 21:48:31.843] LNK Radio RX data: 0E03010201B90201B90102D7042F8A
[2017-04-28 21:48:31.899] Receiving:0E03010201B90201B90102D7042F8A
[2017-04-28 21:48:31.946] RSSI env | rx: 33 8A
[2017-04-28 21:48:31.981] LNK Radio TX data: 0103048A33
[2017-04-28 21:49:30.655] LNK RX RSSI:8A
[2017-04-28 21:49:30.672] LNK Radio RX data: 0E03010201BA0201BA0102D704318A
[2017-04-28 21:49:30.727] Receiving:0E03010201BA0201BA0102D704318A
[2017-04-28 21:49:30.774] RSSI env | rx: 34 8A
[2017-04-28 21:49:30.808] LNK Radio TX data: 0103048A34
[2017-04-28 21:50:29.490] LNK RX RSSI:8A
[2017-04-28 21:50:29.507] LNK Radio RX data: 0E03010201B90201B90102D704308A
[2017-04-28 21:50:29.564] Receiving:0E03010201B90201B90102D704308A
[2017-04-28 21:50:29.610] RSSI env | rx: 34 8A
[2017-04-28 21:50:29.644] LNK Radio TX data: 0103048A34
[2017-04-28 21:51:28.333] LNK RX RSSI:8A
[2017-04-28 21:51:28.351] LNK Radio RX data: 0E03010201BA0201B90102D704318A
[2017-04-28 21:51:28.407] Receiving:0E03010201BA0201B90102D704318A
[2017-04-28 21:51:28.454] RSSI env | rx: 35 8A
[2017-04-28 21:51:28.488] LNK Radio TX data: 0103048A35
[2017-04-28 21:52:27.173] LNK RX RSSI:8A
[2017-04-28 21:52:27.190] LNK Radio RX data: 0E03010201B90201B90102D7042E8A
[2017-04-28 21:52:27.247] Receiving:0E03010201B90201B90102D7042E8A
[2017-04-28 21:52:27.293] RSSI env | rx: 33 8A
[2017-04-28 21:52:27.327] LNK Radio TX data: 0103048A33
[2017-04-28 21:53:26.032] LNK RX RSSI:8A
[2017-04-28 21:53:26.050] LNK Radio RX data: 0E03010201BA0201B90102D704308A
[2017-04-28 21:53:26.106] Receiving:0E03010201BA0201B90102D704308A
[2017-04-28 21:53:26.153] RSSI env | rx: 33 8A
[2017-04-28 21:53:26.187] LNK Radio TX data: 0103048A33
[2017-04-28 21:54:24.883] LNK RX RSSI:8A
[2017-04-28 21:54:24.901] LNK Radio RX data: 0E03010201B90201B90102D7042E8A
[2017-04-28 21:54:24.957] Receiving:0E03010201B90201B90102D7042E8A
[2017-04-28 21:54:25.004] RSSI env | rx: 33 8A
[2017-04-28 21:54:25.038] LNK Radio TX data: 0103048A33
[2017-04-28 21:55:23.737] LNK RX RSSI:8A
[2017-04-28 21:55:23.754] LNK Radio RX data: 0E03010201BA0201B90102D704328A
[2017-04-28 21:55:23.810] Receiving:0E03010201BA0201B90102D704328A
[2017-04-28 21:55:23.856] RSSI env | rx: 34 8A
[2017-04-28 21:55:23.891] LNK Radio TX data: 0103048A34
[2017-04-28 21:56:22.598] LNK RX RSSI:8A
[2017-04-28 21:56:22.615] LNK Radio RX data: 0E03010201B90201B90102D7042F8A
[2017-04-28 21:56:22.672] Receiving:0E03010201B90201B90102D7042F8A
[2017-04-28 21:56:22.718] RSSI env | rx: 34 8A
[2017-04-28 21:56:22.752] LNK Radio TX data: 0103048A34
[2017-04-28 21:57:21.472] LNK RX RSSI:8A
[2017-04-28 21:57:21.490] LNK Radio RX data: 0E03010201B90201B90102D704338A
[2017-04-28 21:57:21.546] Receiving:0E03010201B90201B90102D704338A
[2017-04-28 21:57:21.592] RSSI env | rx: 33 8A
[2017-04-28 21:57:21.626] LNK Radio TX data: 0103048A33
[2017-04-28 21:58:20.355] LNK RX RSSI:8A
[2017-04-28 21:58:20.373] LNK Radio RX data: 0E03010201B90201B90102D704308A
[2017-04-28 21:58:20.429] Receiving:0E03010201B90201B90102D704308A
[2017-04-28 21:58:20.476] RSSI env | rx: 32 8A
[2017-04-28 21:58:20.510] LNK Radio TX data: 0103048A32
[2017-04-28 21:58:50.541] LNK RX RSSI:8A
[2017-04-28 21:58:50.557] LNK Radio RX data: 0E03010201B90201B90102D704348A
[2017-04-28 21:58:50.615] Receiving:0E03010201B90201B90102D704348A
[2017-04-28 21:58:50.661] RSSI env | rx: 33 8A
[2017-04-28 21:58:50.695] LNK Radio TX data: 0103048A33
[2017-04-28 21:59:20.290] LNK RX RSSI:8A
[2017-04-28 21:59:20.307] LNK Radio RX data: 0E03010201B90201B90102D704343B
[2017-04-28 21:59:20.364] Receiving:0E03010201B90201B90102D704343B
[2017-04-28 21:59:20.410] RSSI env | rx: 32 8A
[2017-04-28 21:59:20.444] LNK Radio TX data: 0103048A32
[2017-04-28 22:00:19.156] LNK RX RSSI:8A
[2017-04-28 22:00:19.173] LNK Radio RX data: 0E03010201B90201B90102D704328A
[2017-04-28 22:00:19.230] Receiving:0E03010201B90201B90102D704328A
[2017-04-28 22:00:19.276] RSSI env | rx: 31 8A
[2017-04-28 22:00:19.310] LNK Radio TX data: 0103048A31
[2017-04-28 22:01:18.011] LNK RX RSSI:8A
[2017-04-28 22:01:18.029] LNK Radio RX data: 0E03010201B90201B90102D704328A
[2017-04-28 22:01:18.085] Receiving:0E03010201B90201B90102D704328A
[2017-04-28 22:01:18.132] RSSI env | rx: 35 8A
[2017-04-28 22:01:18.166] LNK Radio TX data: 0103048A35
[2017-04-28 22:02:16.857] LNK RX RSSI:8A
[2017-04-28 22:02:16.874] LNK Radio RX data: 0E03010201B90201B90102D704318A
[2017-04-28 22:02:16.931] Receiving:0E03010201B90201B90102D704318A
[2017-04-28 22:02:16.977] RSSI env | rx: 32 8A
[2017-04-28 22:02:17.011] LNK Radio TX data: 0103048A32
[2017-04-28 22:03:15.685] LNK RX RSSI:8A
[2017-04-28 22:03:15.702] LNK Radio RX data: 0E03010201BA0201B90102D704328A
[2017-04-28 22:03:15.758] Receiving:0E03010201BA0201B90102D704328A
[2017-04-28 22:03:15.805] RSSI env | rx: 34 8A
[2017-04-28 22:03:15.839] LNK Radio TX data: 0103048A34
[2017-04-28 22:04:14.509] LNK RX RSSI:8A
[2017-04-28 22:04:14.526] LNK Radio RX data: 0E03010201B90201B90102D704328A
[2017-04-28 22:04:14.583] Receiving:0E03010201B90201B90102D704328A
[2017-04-28 22:04:14.629] RSSI env | rx: 34 8A
[2017-04-28 22:04:14.663] LNK Radio TX data: 0103048A34
[2017-04-28 22:05:13.328] LNK RX RSSI:8A
[2017-04-28 22:05:13.345] LNK Radio RX data: 0E03010201B90201B90102D704328A
[2017-04-28 22:05:13.402] Receiving:0E03010201B90201B90102D704328A
[2017-04-28 22:05:13.448] RSSI env | rx: 33 8A
[2017-04-28 22:05:13.482] LNK Radio TX data: 0103048A33
[2017-04-28 22:06:12.168] LNK RX RSSI:8A
[2017-04-28 22:06:12.185] LNK Radio RX data: 0E03010201B90201B90102D704318A
[2017-04-28 22:06:12.242] Receiving:0E03010201B90201B90102D704318A
[2017-04-28 22:06:12.289] RSSI env | rx: 35 8A
[2017-04-28 22:06:12.322] LNK Radio TX data: 0103048A35
[2017-04-28 22:07:11.014] LNK RX RSSI:8A
[2017-04-28 22:07:11.031] LNK Radio RX data: 0E03010201BA0201B90102D704328A
[2017-04-28 22:07:11.088] Receiving:0E03010201BA0201B90102D704328A
[2017-04-28 22:07:11.134] RSSI env | rx: 33 8A
[2017-04-28 22:07:11.168] LNK Radio TX data: 0103048A33
[2017-04-28 22:08:09.838] LNK RX RSSI:8A
[2017-04-28 22:08:09.855] LNK Radio RX data: 0E03010201B90201B90102D704338A
[2017-04-28 22:08:09.912] Receiving:0E03010201B90201B90102D704338A
[2017-04-28 22:08:09.958] RSSI env | rx: 34 8A
[2017-04-28 22:08:09.992] LNK Radio TX data: 0103048A34
[2017-04-28 22:09:08.654] LNK RX RSSI:8A
[2017-04-28 22:09:08.671] LNK Radio RX data: 0E03010201B90201BA0102D704318A
[2017-04-28 22:09:08.727] Receiving:0E03010201B90201BA0102D704318A
[2017-04-28 22:09:08.774] RSSI env | rx: 31 8A
[2017-04-28 22:09:08.808] LNK Radio TX data: 0103048A31
[2017-04-28 22:10:07.471] LNK RX RSSI:8A
[2017-04-28 22:10:07.487] LNK Radio RX data: 0E03010201B90201BA0102D704328A
[2017-04-28 22:10:07.543] Receiving:0E03010201B90201BA0102D704328A
[2017-04-28 22:10:07.590] RSSI env | rx: 35 8A
[2017-04-28 22:10:07.624] LNK Radio TX data: 0103048A35
[2017-04-28 22:11:06.282] LNK RX RSSI:8A
[2017-04-28 22:11:06.299] LNK Radio RX data: 0E03010201BA0201BA0102D704338A
[2017-04-28 22:11:06.355] Receiving:0E03010201BA0201BA0102D704338A
[2017-04-28 22:11:06.402] RSSI env | rx: 34 8A
[2017-04-28 22:11:06.436] LNK Radio TX data: 0103048A34
[2017-04-28 22:12:05.096] LNK RX RSSI:8A
[2017-04-28 22:12:05.113] LNK Radio RX data: 0E03010201BA0201B90102D704318A
[2017-04-28 22:12:05.170] Receiving:0E03010201BA0201B90102D704318A
[2017-04-28 22:12:05.216] RSSI env | rx: 33 8A
[2017-04-28 22:12:05.250] LNK Radio TX data: 0103048A33
[2017-04-28 22:13:03.905] LNK RX RSSI:8A
[2017-04-28 22:13:03.923] LNK Radio RX data: 0E03010201BA0201B90102D704348A
[2017-04-28 22:13:03.979] Receiving:0E03010201BA0201B90102D704348A
[2017-04-28 22:13:04.026] RSSI env | rx: 32 8A
[2017-04-28 22:13:04.060] LNK Radio TX data: 0103048A32
[2017-04-28 22:14:02.723] LNK RX RSSI:8A
[2017-04-28 22:14:02.740] LNK Radio RX data: 0E03010201B90201B90102D704318A
[2017-04-28 22:14:02.797] Receiving:0E03010201B90201B90102D704318A
[2017-04-28 22:14:02.843] RSSI env | rx: 30 8A
[2017-04-28 22:14:02.877] LNK Radio TX data: 0103048A30
[2017-04-28 22:15:01.544] LNK RX RSSI:8A
[2017-04-28 22:15:01.561] LNK Radio RX data: 0E03010201BA0201B90102D704318A
[2017-04-28 22:15:01.618] Receiving:0E03010201BA0201B90102D704318A
[2017-04-28 22:15:01.663] RSSI env | rx: 31 8A
[2017-04-28 22:15:01.698] LNK Radio TX data: 0103048A31
[2017-04-28 22:16:00.368] LNK RX RSSI:8A
[2017-04-28 22:16:00.385] LNK Radio RX data: 0E03010201BA0201B90102D704328A
[2017-04-28 22:16:00.442] Receiving:0E03010201BA0201B90102D704328A
[2017-04-28 22:16:00.489] RSSI env | rx: 37 8A
[2017-04-28 22:16:00.522] LNK Radio TX data: 0103048A37
[2017-04-28 22:16:59.188] LNK RX RSSI:8A
[2017-04-28 22:16:59.205] LNK Radio RX data: 0E03010201BA0201B90102D704318A
[2017-04-28 22:16:59.262] Receiving:0E03010201BA0201B90102D704318A
[2017-04-28 22:16:59.309] RSSI env | rx: 36 8A
[2017-04-28 22:16:59.342] LNK Radio TX data: 0103048A36
[2017-04-28 22:17:57.999] LNK RX RSSI:8A
[2017-04-28 22:17:58.016] LNK Radio RX data: 0E03010201B90201BA0102D704318A
[2017-04-28 22:17:58.072] Receiving:0E03010201B90201BA0102D704318A
[2017-04-28 22:17:58.119] RSSI env | rx: 34 8A
[2017-04-28 22:17:58.153] LNK Radio TX data: 0103048A34
[2017-04-28 22:18:56.820] LNK RX RSSI:8A
[2017-04-28 22:18:56.837] LNK Radio RX data: 0E03010201BA0201B90102D704328A
[2017-04-28 22:18:56.894] Receiving:0E03010201BA0201B90102D704328A
[2017-04-28 22:18:56.941] RSSI env | rx: 32 8A
[2017-04-28 22:18:56.974] LNK Radio TX data: 0103048A32
[2017-04-28 22:19:55.628] LNK RX RSSI:8A
[2017-04-28 22:19:55.646] LNK Radio RX data: 0E03010201BA0201BA0102D704328A
[2017-04-28 22:19:55.703] Receiving:0E03010201BA0201BA0102D704328A
[2017-04-28 22:19:55.750] RSSI env | rx: 33 8A
[2017-04-28 22:19:55.784] LNK Radio TX data: 0103048A33
[2017-04-28 22:20:54.438] LNK RX RSSI:8A
[2017-04-28 22:20:54.455] LNK Radio RX data: 0E03010201B90201B90102D704338A
[2017-04-28 22:20:54.513] Receiving:0E03010201B90201B90102D704338A
[2017-04-28 22:20:54.558] RSSI env | rx: 36 8A
[2017-04-28 22:20:54.592] LNK Radio TX data: 0103048A36
[2017-04-28 22:21:53.248] LNK RX RSSI:8A
[2017-04-28 22:21:53.266] LNK Radio RX data: 0E03010201B90201B90102D7042F8A
[2017-04-28 22:21:53.322] Receiving:0E03010201B90201B90102D7042F8A
[2017-04-28 22:21:53.369] RSSI env | rx: 31 8A
[2017-04-28 22:21:53.404] LNK Radio TX data: 0103048A31
[2017-04-28 22:22:52.066] LNK RX RSSI:8A
[2017-04-28 22:22:52.083] LNK Radio RX data: 0E03010201BA0201B90102D604338A
[2017-04-28 22:22:52.140] Receiving:0E03010201BA0201B90102D604338A
[2017-04-28 22:22:52.187] RSSI env | rx: 33 8A
[2017-04-28 22:22:52.220] LNK Radio TX data: 0103048A33
[2017-04-28 22:23:50.889] LNK RX RSSI:8A
[2017-04-28 22:23:50.908] LNK Radio RX data: 0E03010201B90201B90102D704328A
[2017-04-28 22:23:50.963] Receiving:0E03010201B90201B90102D704328A
[2017-04-28 22:23:51.011] RSSI env | rx: 32 8A
[2017-04-28 22:23:51.043] LNK Radio TX data: 0103048A32
[2017-04-28 22:24:49.720] LNK RX RSSI:8A
[2017-04-28 22:24:49.737] LNK Radio RX data: 0E03010201BA0201B90102D704328A
[2017-04-28 22:24:49.793] Receiving:0E03010201BA0201B90102D704328A
[2017-04-28 22:24:49.839] RSSI env | rx: 34 8A
[2017-04-28 22:24:49.874] LNK Radio TX data: 0103048A34
[2017-04-28 22:25:48.546] LNK RX RSSI:8A
[2017-04-28 22:25:48.564] LNK Radio RX data: 0E03010201B90201B90102D704318A
[2017-04-28 22:25:48.620] Receiving:0E03010201B90201B90102D704318A
[2017-04-28 22:25:48.667] RSSI env | rx: 36 8A
[2017-04-28 22:25:48.701] LNK Radio TX data: 0103048A36
[2017-04-28 22:26:47.376] LNK RX RSSI:8A
[2017-04-28 22:26:47.393] LNK Radio RX data: 0E03010201BA0201B90102D704338A
[2017-04-28 22:26:47.449] Receiving:0E03010201BA0201B90102D704338A
[2017-04-28 22:26:47.495] RSSI env | rx: 36 8A
[2017-04-28 22:26:47.530] LNK Radio TX data: 0103048A36
[2017-04-28 22:27:46.199] LNK RX RSSI:8A
[2017-04-28 22:27:46.217] LNK Radio RX data: 0E03010201B90201B90102D704328A
[2017-04-28 22:27:46.273] Receiving:0E03010201B90201B90102D704328A
[2017-04-28 22:27:46.319] RSSI env | rx: 35 8A
[2017-04-28 22:27:46.354] LNK Radio TX data: 0103048A35
[2017-04-28 22:28:45.010] LNK RX RSSI:8A
[2017-04-28 22:28:45.027] LNK Radio RX data: 0E03010201B90201B90102D704308A
[2017-04-28 22:28:45.084] Receiving:0E03010201B90201B90102D704308A
[2017-04-28 22:28:45.130] RSSI env | rx: 34 8A
[2017-04-28 22:28:45.164] LNK Radio TX data: 0103048A34
[2017-04-28 22:29:43.818] LNK RX RSSI:8A
[2017-04-28 22:29:43.837] LNK Radio RX data: 0E03010201B90201B90102D704328A
[2017-04-28 22:29:43.892] Receiving:0E03010201B90201B90102D704328A
[2017-04-28 22:29:43.939] RSSI env | rx: 34 8A
[2017-04-28 22:29:43.972] LNK Radio TX data: 0103048A34
[2017-04-28 22:30:42.625] LNK RX RSSI:8A
[2017-04-28 22:30:42.642] LNK Radio RX data: 0E03010201BA0201B90102D704328A
[2017-04-28 22:30:42.698] Receiving:0E03010201BA0201B90102D704328A
[2017-04-28 22:30:42.744] RSSI env | rx: 34 8A
[2017-04-28 22:30:42.779] LNK Radio TX data: 0103048A34
[2017-04-28 22:31:41.431] LNK RX RSSI:8A
[2017-04-28 22:31:41.447] LNK Radio RX data: 0E03010201BA0201B90102D704328A
[2017-04-28 22:31:41.504] Receiving:0E03010201BA0201B90102D704328A
[2017-04-28 22:31:41.551] RSSI env | rx: 33 8A
[2017-04-28 22:31:41.585] LNK Radio TX data: 0103048A33
[2017-04-28 22:32:40.244] LNK RX RSSI:8A
[2017-04-28 22:32:40.261] LNK Radio RX data: 0E03010201BA0201B90102D704308A
[2017-04-28 22:32:40.318] Receiving:0E03010201BA0201B90102D704308A
[2017-04-28 22:32:40.364] RSSI env | rx: 34 8A
[2017-04-28 22:32:40.398] LNK Radio TX data: 0103048A34
[2017-04-28 22:33:39.047] LNK RX RSSI:8A
[2017-04-28 22:33:39.064] LNK Radio RX data: 0E03010201B90201BA0102D704328A
[2017-04-28 22:33:39.120] Receiving:0E03010201B90201BA0102D704328A
[2017-04-28 22:33:39.167] RSSI env | rx: 32 8A
[2017-04-28 22:33:39.201] LNK Radio TX data: 0103048A32
[2017-04-28 22:34:37.843] LNK RX RSSI:8A
[2017-04-28 22:34:37.861] LNK Radio RX data: 0E03010201BA0201B90102D704318A
[2017-04-28 22:34:37.917] Receiving:0E03010201BA0201B90102D704318A
[2017-04-28 22:34:37.964] RSSI env | rx: 34 8A
[2017-04-28 22:34:37.998] LNK Radio TX data: 0103048A34
[2017-04-28 22:35:36.646] LNK RX RSSI:8A
[2017-04-28 22:35:36.663] LNK Radio RX data: 0E03010201B90201B90102D604328A
[2017-04-28 22:35:36.720] Receiving:0E03010201B90201B90102D604328A
[2017-04-28 22:35:36.766] RSSI env | rx: 35 8A
[2017-04-28 22:35:36.800] LNK Radio TX data: 0103048A35
[2017-04-28 22:36:35.462] LNK RX RSSI:8A
[2017-04-28 22:36:35.479] LNK Radio RX data: 0E03010201B90201B90102D704348A
[2017-04-28 22:36:35.535] Receiving:0E03010201B90201B90102D704348A
[2017-04-28 22:36:35.582] RSSI env | rx: 38 8A
[2017-04-28 22:36:35.616] LNK Radio TX data: 0103048A38
[2017-04-28 22:37:34.281] LNK RX RSSI:8A
[2017-04-28 22:37:34.298] LNK Radio RX data: 0E03010201B90201B90102D604348A
[2017-04-28 22:37:34.355] Receiving:0E03010201B90201B90102D604348A
[2017-04-28 22:37:34.401] RSSI env | rx: 35 8A
[2017-04-28 22:37:34.435] LNK Radio TX data: 0103048A35
[2017-04-28 22:38:33.095] LNK RX RSSI:8A
[2017-04-28 22:38:33.113] LNK Radio RX data: 0E03010201B90201B90102D704308A
[2017-04-28 22:38:33.170] Receiving:0E03010201B90201B90102D704308A
[2017-04-28 22:38:33.215] RSSI env | rx: 36 8A
[2017-04-28 22:38:33.250] LNK Radio TX data: 0103048A36
[2017-04-28 22:39:31.917] LNK RX RSSI:8A
[2017-04-28 22:39:31.934] LNK Radio RX data: 0E03010201B90201B90102D704328A
[2017-04-28 22:39:31.990] Receiving:0E03010201B90201B90102D704328A
[2017-04-28 22:39:32.037] RSSI env | rx: 32 8A
[2017-04-28 22:39:32.071] LNK Radio TX data: 0103048A32
[2017-04-28 22:40:30.733] LNK RX RSSI:8A
[2017-04-28 22:40:30.751] LNK Radio RX data: 0E03010201B90201B90102D704338A
[2017-04-28 22:40:30.807] Receiving:0E03010201B90201B90102D704338A
[2017-04-28 22:40:30.854] RSSI env | rx: 34 8A
[2017-04-28 22:40:30.888] LNK Radio TX data: 0103048A34
[2017-04-28 22:41:29.553] LNK RX RSSI:8A
[2017-04-28 22:41:29.570] LNK Radio RX data: 0E03010201BA0201B90102D704348A
[2017-04-28 22:41:29.626] Receiving:0E03010201BA0201B90102D704348A
[2017-04-28 22:41:29.673] RSSI env | rx: 34 8A
[2017-04-28 22:41:29.707] LNK Radio TX data: 0103048A34
[2017-04-28 22:42:28.349] LNK RX RSSI:8A
[2017-04-28 22:42:28.366] LNK Radio RX data: 0E03010201BA0201BA0102D704318A
[2017-04-28 22:42:28.423] Receiving:0E03010201BA0201BA0102D704318A
[2017-04-28 22:42:28.469] RSSI env | rx: 34 8A
[2017-04-28 22:42:28.503] LNK Radio TX data: 0103048A34
[2017-04-28 22:43:27.138] LNK RX RSSI:8A
[2017-04-28 22:43:27.155] LNK Radio RX data: 0E03010201BA0201BA0102D704308A
[2017-04-28 22:43:27.212] Receiving:0E03010201BA0201BA0102D704308A
[2017-04-28 22:43:27.259] RSSI env | rx: 35 8A
[2017-04-28 22:43:27.292] LNK Radio TX data: 0103048A35
[2017-04-28 22:44:25.940] LNK RX RSSI:8A
[2017-04-28 22:44:25.957] LNK Radio RX data: 0E03010201B90201B90102D704348A
[2017-04-28 22:44:26.013] Receiving:0E03010201B90201B90102D704348A
[2017-04-28 22:44:26.060] RSSI env | rx: 33 8A
[2017-04-28 22:44:26.094] LNK Radio TX data: 0103048A33
[2017-04-28 22:45:24.737] LNK RX RSSI:8A
[2017-04-28 22:45:24.753] LNK Radio RX data: 0E03010201B90201B90102D704338A
[2017-04-28 22:45:24.810] Receiving:0E03010201B90201B90102D704338A
[2017-04-28 22:45:24.856] RSSI env | rx: 36 8A
[2017-04-28 22:45:24.891] LNK Radio TX data: 0103048A36
[2017-04-28 22:46:23.536] LNK RX RSSI:8A
[2017-04-28 22:46:23.553] LNK Radio RX data: 0E03010201BA0201B90102D704338A
[2017-04-28 22:46:23.609] Receiving:0E03010201BA0201B90102D704338A
[2017-04-28 22:46:23.657] RSSI env | rx: 33 8A
[2017-04-28 22:46:23.690] LNK Radio TX data: 0103048A33
[2017-04-28 22:47:22.332] LNK RX RSSI:8A
[2017-04-28 22:47:22.349] LNK Radio RX data: 0E03010201B90201B90102D704308A
[2017-04-28 22:47:22.406] Receiving:0E03010201B90201B90102D704308A
[2017-04-28 22:47:22.453] RSSI env | rx: 37 8A
[2017-04-28 22:47:22.486] LNK Radio TX data: 0103048A37
[2017-04-28 22:48:21.134] LNK RX RSSI:8A
[2017-04-28 22:48:21.151] LNK Radio RX data: 0E03010201B90201BA0102D704328A
[2017-04-28 22:48:21.207] Receiving:0E03010201B90201BA0102D704328A
[2017-04-28 22:48:21.254] RSSI env | rx: 32 8A
[2017-04-28 22:48:21.288] LNK Radio TX data: 0103048A32
[2017-04-28 22:49:19.935] LNK RX RSSI:8A
[2017-04-28 22:49:19.952] LNK Radio RX data: 0E03010201B90201BA0102D704338A
[2017-04-28 22:49:20.008] Receiving:0E03010201B90201BA0102D704338A
[2017-04-28 22:49:20.055] RSSI env | rx: 32 8A
[2017-04-28 22:49:20.089] LNK Radio TX data: 0103048A32
[2017-04-28 22:50:18.731] LNK RX RSSI:8A
[2017-04-28 22:50:18.748] LNK Radio RX data: 0E03010201B90201B90102D704348A
[2017-04-28 22:50:18.804] Receiving:0E03010201B90201B90102D704348A
[2017-04-28 22:50:18.851] RSSI env | rx: 35 8A
[2017-04-28 22:50:18.885] LNK Radio TX data: 0103048A35
[2017-04-28 22:51:17.533] LNK RX RSSI:8A
[2017-04-28 22:51:17.551] LNK Radio RX data: 0E03010201B90201B90102D704308A
[2017-04-28 22:51:17.607] Receiving:0E03010201B90201B90102D704308A
[2017-04-28 22:51:17.654] RSSI env | rx: 34 8A
[2017-04-28 22:51:17.688] LNK Radio TX data: 0103048A34
[2017-04-28 22:52:16.344] LNK RX RSSI:8A
[2017-04-28 22:52:16.361] LNK Radio RX data: 0E03010201B90201BA0102D704328A
[2017-04-28 22:52:16.418] Receiving:0E03010201B90201BA0102D704328A
[2017-04-28 22:52:16.464] RSSI env | rx: 31 8A
[2017-04-28 22:52:16.498] LNK Radio TX data: 0103048A31
[2017-04-28 22:53:15.161] LNK RX RSSI:8A
[2017-04-28 22:53:15.178] LNK Radio RX data: 0E03010201B90201B90102D704338A
[2017-04-28 22:53:15.234] Receiving:0E03010201B90201B90102D704338A
[2017-04-28 22:53:15.280] RSSI env | rx: 37 8A
[2017-04-28 22:53:15.315] LNK Radio TX data: 0103048A37
[2017-04-28 22:54:13.976] LNK RX RSSI:8A
[2017-04-28 22:54:13.993] LNK Radio RX data: 0E03010201B90201BA0102D704328A
[2017-04-28 22:54:14.050] Receiving:0E03010201B90201BA0102D704328A
[2017-04-28 22:54:14.097] RSSI env | rx: 35 8A
[2017-04-28 22:54:14.130] LNK Radio TX data: 0103048A35
[2017-04-28 22:55:12.802] LNK RX RSSI:8A
[2017-04-28 22:55:12.820] LNK Radio RX data: 0E03010201BA0201B90102D704318A
[2017-04-28 22:55:12.876] Receiving:0E03010201BA0201B90102D704318A
[2017-04-28 22:55:12.923] RSSI env | rx: 34 8A
[2017-04-28 22:55:12.956] LNK Radio TX data: 0103048A34
[2017-04-28 22:56:11.623] LNK RX RSSI:8A
[2017-04-28 22:56:11.640] LNK Radio RX data: 0E03010201B90201BA0102D704328A
[2017-04-28 22:56:11.697] Receiving:0E03010201B90201BA0102D704328A
[2017-04-28 22:56:11.744] RSSI env | rx: 35 8A
[2017-04-28 22:56:11.778] LNK Radio TX data: 0103048A35
[2017-04-28 22:57:10.446] LNK RX RSSI:8A
[2017-04-28 22:57:10.463] LNK Radio RX data: 0E03010201B90201B90102D704308A
[2017-04-28 22:57:10.519] Receiving:0E03010201B90201B90102D704308A
[2017-04-28 22:57:10.566] RSSI env | rx: 33 8A
[2017-04-28 22:57:10.600] LNK Radio TX data: 0103048A33
[2017-04-28 22:58:09.257] LNK RX RSSI:8A
[2017-04-28 22:58:09.274] LNK Radio RX data: 0E03010201BA0201B90102D704338A
[2017-04-28 22:58:09.330] Receiving:0E03010201BA0201B90102D704338A
[2017-04-28 22:58:09.377] RSSI env | rx: 38 8A
[2017-04-28 22:58:09.411] LNK Radio TX data: 0103048A38
[2017-04-28 22:59:08.068] LNK RX RSSI:8A
[2017-04-28 22:59:08.085] LNK Radio RX data: 0E03010201B90201B90102D704318A
[2017-04-28 22:59:08.142] Receiving:0E03010201B90201B90102D704318A
[2017-04-28 22:59:08.188] RSSI env | rx: 35 8A
[2017-04-28 22:59:08.222] LNK Radio TX data: 0103048A35
[2017-04-28 23:00:06.875] LNK RX RSSI:8A
[2017-04-28 23:00:06.893] LNK Radio RX data: 0E03010201B90201BA0102D704318A
[2017-04-28 23:00:06.949] Receiving:0E03010201B90201BA0102D704318A
[2017-04-28 23:00:06.996] RSSI env | rx: 35 8A
[2017-04-28 23:00:07.030] LNK Radio TX data: 0103048A35
[2017-04-28 23:01:05.687] LNK RX RSSI:8A
[2017-04-28 23:01:05.704] LNK Radio RX data: 0E03010201B90201B90102D704358A
[2017-04-28 23:01:05.760] Receiving:0E03010201B90201B90102D704358A
[2017-04-28 23:01:05.807] RSSI env | rx: 36 8A
[2017-04-28 23:01:05.841] LNK Radio TX data: 0103048A36
[2017-04-28 23:02:04.510] LNK RX RSSI:8A
[2017-04-28 23:02:04.527] LNK Radio RX data: 0E03010201B90201B90102D704328A
[2017-04-28 23:02:04.583] Receiving:0E03010201B90201B90102D704328A
[2017-04-28 23:02:04.630] RSSI env | rx: 34 8A
[2017-04-28 23:02:04.664] LNK Radio TX data: 0103048A34
[2017-04-28 23:03:03.322] LNK RX RSSI:8A
[2017-04-28 23:03:03.339] LNK Radio RX data: 0E03010201B90201B90102D704338A
[2017-04-28 23:03:03.395] Receiving:0E03010201B90201B90102D704338A
[2017-04-28 23:03:03.442] RSSI env | rx: 31 8A
[2017-04-28 23:03:03.476] LNK Radio TX data: 0103048A31
[2017-04-28 23:04:02.135] LNK RX RSSI:8A
[2017-04-28 23:04:02.153] LNK Radio RX data: 0E03010201B90201B90102D704338A
[2017-04-28 23:04:02.209] Receiving:0E03010201B90201B90102D704338A
[2017-04-28 23:04:02.256] RSSI env | rx: 31 8A
[2017-04-28 23:04:02.290] LNK Radio TX data: 0103048A31
[2017-04-28 23:05:00.949] LNK RX RSSI:8A
[2017-04-28 23:05:00.967] LNK Radio RX data: 0E03010201BA0201B90102D704328A
[2017-04-28 23:05:01.023] Receiving:0E03010201BA0201B90102D704328A
[2017-04-28 23:05:01.069] RSSI env | rx: 35 8A
[2017-04-28 23:05:01.103] LNK Radio TX data: 0103048A35
[2017-04-28 23:05:59.760] LNK RX RSSI:8A
[2017-04-28 23:05:59.777] LNK Radio RX data: 0E03010201BA0201BA0102D7042F8A
[2017-04-28 23:05:59.833] Receiving:0E03010201BA0201BA0102D7042F8A
[2017-04-28 23:05:59.879] RSSI env | rx: 34 8A
[2017-04-28 23:05:59.914] LNK Radio TX data: 0103048A34
[2017-04-28 23:06:58.571] LNK RX RSSI:8A
[2017-04-28 23:06:58.588] LNK Radio RX data: 0E03010201BA0201B90102D704318A
[2017-04-28 23:06:58.644] Receiving:0E03010201BA0201B90102D704318A
[2017-04-28 23:06:58.691] RSSI env | rx: 33 8A
[2017-04-28 23:06:58.725] LNK Radio TX data: 0103048A33
[2017-04-28 23:07:57.382] LNK RX RSSI:8A
[2017-04-28 23:07:57.400] LNK Radio RX data: 0E03010201B90201B90102D704328A
[2017-04-28 23:07:57.456] Receiving:0E03010201B90201B90102D704328A
[2017-04-28 23:07:57.503] RSSI env | rx: 35 8A
[2017-04-28 23:07:57.537] LNK Radio TX data: 0103048A35
[2017-04-28 23:08:56.193] LNK RX RSSI:8A
[2017-04-28 23:08:56.210] LNK Radio RX data: 0E03010201BA0201B90102D704368A
[2017-04-28 23:08:56.267] Receiving:0E03010201BA0201B90102D704368A
[2017-04-28 23:08:56.314] RSSI env | rx: 34 8A
[2017-04-28 23:08:56.347] LNK Radio TX data: 0103048A34
[2017-04-28 23:09:55.008] LNK RX RSSI:8A
[2017-04-28 23:09:55.025] LNK Radio RX data: 0E03010201B90201B90102D7042F8A
[2017-04-28 23:09:55.081] Receiving:0E03010201B90201B90102D7042F8A
[2017-04-28 23:09:55.128] RSSI env | rx: 33 8A
[2017-04-28 23:09:55.162] LNK Radio TX data: 0103048A33
[2017-04-28 23:10:53.823] LNK RX RSSI:8A
[2017-04-28 23:10:53.840] LNK Radio RX data: 0E03010201B90201B90102D704348A
[2017-04-28 23:10:53.897] Receiving:0E03010201B90201B90102D704348A
[2017-04-28 23:10:53.944] RSSI env | rx: 36 8A
[2017-04-28 23:10:53.977] LNK Radio TX data: 0103048A36
[2017-04-28 23:11:52.637] LNK RX RSSI:8A
[2017-04-28 23:11:52.654] LNK Radio RX data: 0E03010201B90201B90102D704338A
[2017-04-28 23:11:52.710] Receiving:0E03010201B90201B90102D704338A
[2017-04-28 23:11:52.757] RSSI env | rx: 38 8A
[2017-04-28 23:11:52.791] LNK Radio TX data: 0103048A38
[2017-04-28 23:12:51.449] LNK RX RSSI:8A
[2017-04-28 23:12:51.465] LNK Radio RX data: 0E03010201B90201B90102D704328A
[2017-04-28 23:12:51.522] Receiving:0E03010201B90201B90102D704328A
[2017-04-28 23:12:51.569] RSSI env | rx: 32 8A
[2017-04-28 23:12:51.603] LNK Radio TX data: 0103048A32
[2017-04-28 23:13:50.269] LNK RX RSSI:8A
[2017-04-28 23:13:50.287] LNK Radio RX data: 0E03010201B90201B90102D704338A
[2017-04-28 23:13:50.343] Receiving:0E03010201B90201B90102D704338A
[2017-04-28 23:13:50.390] RSSI env | rx: 34 8A
[2017-04-28 23:13:50.424] LNK Radio TX data: 0103048A34
[2017-04-28 23:14:49.088] LNK RX RSSI:8A
[2017-04-28 23:14:49.105] LNK Radio RX data: 0E03010201BA0201BA0102D704338A
[2017-04-28 23:14:49.162] Receiving:0E03010201BA0201BA0102D704338A
[2017-04-28 23:14:49.208] RSSI env | rx: 33 8A
[2017-04-28 23:14:49.242] LNK Radio TX data: 0103048A33
[2017-04-28 23:15:47.888] LNK RX RSSI:8A
[2017-04-28 23:15:47.905] LNK Radio RX data: 0E03010201B90201B90102D704328A
[2017-04-28 23:15:47.962] Receiving:0E03010201B90201B90102D704328A
[2017-04-28 23:15:48.008] RSSI env | rx: 36 8A
[2017-04-28 23:15:48.042] LNK Radio TX data: 0103048A36
[2017-04-28 23:16:46.693] LNK RX RSSI:8A
[2017-04-28 23:16:46.710] LNK Radio RX data: 0E03010201B90201B90102D704328A
[2017-04-28 23:16:46.767] Receiving:0E03010201B90201B90102D704328A
[2017-04-28 23:16:46.814] RSSI env | rx: 34 8A
[2017-04-28 23:16:46.847] LNK Radio TX data: 0103048A34
[2017-04-28 23:17:45.498] LNK RX RSSI:8A
[2017-04-28 23:17:45.515] LNK Radio RX data: 0E03010201BA0201B90102D704318A
[2017-04-28 23:17:45.571] Receiving:0E03010201BA0201B90102D704318A
[2017-04-28 23:17:45.618] RSSI env | rx: 35 8A
[2017-04-28 23:17:45.652] LNK Radio TX data: 0103048A35
[2017-04-28 23:18:44.302] LNK RX RSSI:8A
[2017-04-28 23:18:44.319] LNK Radio RX data: 0E03010201BA0201B90102D704338A
[2017-04-28 23:18:44.376] Receiving:0E03010201BA0201B90102D704338A
[2017-04-28 23:18:44.423] RSSI env | rx: 32 8A
[2017-04-28 23:18:44.456] LNK Radio TX data: 0103048A32
[2017-04-28 23:19:43.112] LNK RX RSSI:8A
[2017-04-28 23:19:43.129] LNK Radio RX data: 0E03010201BA0201B90102D704338A
[2017-04-28 23:19:43.185] Receiving:0E03010201BA0201B90102D704338A
[2017-04-28 23:19:43.232] RSSI env | rx: 31 8A
[2017-04-28 23:19:43.266] LNK Radio TX data: 0103048A31
[2017-04-28 23:20:41.918] LNK RX RSSI:8A
[2017-04-28 23:20:41.935] LNK Radio RX data: 0E03010201B90201B90102D704338A
[2017-04-28 23:20:41.992] Receiving:0E03010201B90201B90102D704338A
[2017-04-28 23:20:42.038] RSSI env | rx: 34 8A
[2017-04-28 23:20:42.072] LNK Radio TX data: 0103048A34
[2017-04-28 23:21:40.734] LNK RX RSSI:8A
[2017-04-28 23:21:40.752] LNK Radio RX data: 0E03010201B90201B90102D704338A
[2017-04-28 23:21:40.808] Receiving:0E03010201B90201B90102D704338A
[2017-04-28 23:21:40.855] RSSI env | rx: 33 8A
[2017-04-28 23:21:40.889] LNK Radio TX data: 0103048A33
[2017-04-28 23:22:39.549] LNK RX RSSI:8A
[2017-04-28 23:22:39.566] LNK Radio RX data: 0E03010201BA0201B90102D704358A
[2017-04-28 23:22:39.623] Receiving:0E03010201BA0201B90102D704358A
[2017-04-28 23:22:39.669] RSSI env | rx: 33 8A
[2017-04-28 23:22:39.703] LNK Radio TX data: 0103048A33
[2017-04-28 23:23:38.357] LNK RX RSSI:8A
[2017-04-28 23:23:38.374] LNK Radio RX data: 0E03010201B90201BA0102D704328A
[2017-04-28 23:23:38.430] Receiving:0E03010201B90201BA0102D704328A
[2017-04-28 23:23:38.477] RSSI env | rx: 34 8A
[2017-04-28 23:23:38.511] LNK Radio TX data: 0103048A34
[2017-04-28 23:24:37.166] LNK RX RSSI:8A
[2017-04-28 23:24:37.183] LNK Radio RX data: 0E03010201B90201B90102D704338A
[2017-04-28 23:24:37.239] Receiving:0E03010201B90201B90102D704338A
[2017-04-28 23:24:37.286] RSSI env | rx: 35 8A
[2017-04-28 23:24:37.320] LNK Radio TX data: 0103048A35
[2017-04-28 23:25:35.976] LNK RX RSSI:8A
[2017-04-28 23:25:35.993] LNK Radio RX data: 0E03010201BA0201B90102D704348A
[2017-04-28 23:25:36.050] Receiving:0E03010201BA0201B90102D704348A
[2017-04-28 23:25:36.096] RSSI env | rx: 30 8A
[2017-04-28 23:25:36.130] LNK Radio TX data: 0103048A30
[2017-04-28 23:26:34.777] LNK RX RSSI:8A
[2017-04-28 23:26:34.794] LNK Radio RX data: 0E03010201B90201B90102D704328A
[2017-04-28 23:26:34.851] Receiving:0E03010201B90201B90102D704328A
[2017-04-28 23:26:34.897] RSSI env | rx: 32 8A
[2017-04-28 23:26:34.931] LNK Radio TX data: 0103048A32
[2017-04-28 23:27:33.584] LNK RX RSSI:8A
[2017-04-28 23:27:33.601] LNK Radio RX data: 0E03010201B90201B90102D6042D8A
[2017-04-28 23:27:33.658] Receiving:0E03010201B90201B90102D6042D8A
[2017-04-28 23:27:33.704] RSSI env | rx: 34 8A
[2017-04-28 23:27:33.738] LNK Radio TX data: 0103048A34
[2017-04-28 23:28:32.378] LNK RX RSSI:8A
[2017-04-28 23:28:32.396] LNK Radio RX data: 0E03010201B90201BA0102D704338A
[2017-04-28 23:28:32.452] Receiving:0E03010201B90201BA0102D704338A
[2017-04-28 23:28:32.499] RSSI env | rx: 2E 8A
[2017-04-28 23:28:32.533] LNK Radio TX data: 0103048A2E
[2017-04-28 23:29:31.267] LNK RX RSSI:8A
[2017-04-28 23:29:31.284] LNK Radio RX data: 0E03010201B80201B80102D6042A8A
[2017-04-28 23:29:31.340] Receiving:0E03010201B80201B80102D6042A8A
[2017-04-28 23:29:31.387] RSSI env | rx: 29 8A
[2017-04-28 23:29:31.421] LNK Radio TX data: 0103048A29
[2017-04-28 23:30:30.340] LNK RX RSSI:8A
[2017-04-28 23:30:30.358] LNK Radio RX data: 0E03010201B70201B70102D7042A8A
[2017-04-28 23:30:30.414] Receiving:0E03010201B70201B70102D7042A8A
[2017-04-28 23:30:30.461] RSSI env | rx: 2D 8A
[2017-04-28 23:30:30.495] LNK Radio TX data: 0103048A2D
[2017-04-28 23:31:29.549] LNK RX RSSI:8A
[2017-04-28 23:31:29.566] LNK Radio RX data: 0E03010201B60201B70102D704298A
[2017-04-28 23:31:29.622] Receiving:0E03010201B60201B70102D704298A
[2017-04-28 23:31:29.669] RSSI env | rx: 2A 8A
[2017-04-28 23:31:29.703] LNK Radio TX data: 0103048A2A
[2017-04-28 23:32:28.837] LNK RX RSSI:8A
[2017-04-28 23:32:28.854] LNK Radio RX data: 0E03010201B50201B60102D704288A
[2017-04-28 23:32:28.911] Receiving:0E03010201B50201B60102D704288A
[2017-04-28 23:32:28.958] RSSI env | rx: 2A 8A
[2017-04-28 23:32:28.991] LNK Radio TX data: 0103048A2A
[2017-04-28 23:33:28.192] LNK RX RSSI:8A
[2017-04-28 23:33:28.209] LNK Radio RX data: 0E03010201B50201B60102D604288A
[2017-04-28 23:33:28.266] Receiving:0E03010201B50201B60102D604288A
[2017-04-28 23:33:28.312] RSSI env | rx: 2E 8A
[2017-04-28 23:33:28.346] LNK Radio TX data: 0103048A2E
[2017-04-28 23:34:27.611] LNK RX RSSI:8A
[2017-04-28 23:34:27.628] LNK Radio RX data: 0E03010201B60201B50102D704278A
[2017-04-28 23:34:27.685] Receiving:0E03010201B60201B50102D704278A
[2017-04-28 23:34:27.732] RSSI env | rx: 2B 8A
[2017-04-28 23:34:27.765] LNK Radio TX data: 0103048A2B
[2017-04-28 23:35:27.060] LNK RX RSSI:8A
[2017-04-28 23:35:27.077] LNK Radio RX data: 0E03010201B60201B50102D704288A
[2017-04-28 23:35:27.134] Receiving:0E03010201B60201B50102D704288A
[2017-04-28 23:35:27.181] RSSI env | rx: 2F 8A
[2017-04-28 23:35:27.214] LNK Radio TX data: 0103048A2F
[2017-04-28 23:44:15.385] LNK RX RSSI:8A
[2017-04-28 23:44:15.402] LNK Radio RX data: 0E03010201B50201B50102D7042B8A
[2017-04-28 23:44:15.459] Receiving:0E03010201B50201B50102D7042B8A
[2017-04-28 23:44:15.505] RSSI env | rx: 36 8A
[2017-04-28 23:44:15.540] LNK Radio TX data: 0103048A36
[2017-04-28 23:45:11.574] LNK RX RSSI:8A
[2017-04-28 23:45:11.592] LNK Radio RX data: 0E03010201B60201B50102D6042D8A
[2017-04-28 23:45:11.648] Receiving:0E03010201B60201B50102D6042D8A
[2017-04-28 23:45:11.696] RSSI env | rx: 37 8A
[2017-04-28 23:45:11.730] LNK Radio TX data: 0103048A37
[2017-04-28 23:46:10.905] LNK RX RSSI:8A
[2017-04-28 23:46:10.921] LNK Radio RX data: 0E03010201B70201B60102D704378A
[2017-04-28 23:46:10.978] Receiving:0E03010201B70201B60102D704378A
[2017-04-28 23:46:11.025] RSSI env | rx: 36 8A
[2017-04-28 23:46:11.059] LNK Radio TX data: 0103048A36
[2017-04-28 23:47:10.119] LNK RX RSSI:8A
[2017-04-28 23:47:10.135] LNK Radio RX data: 0E03010201B70201B70102D604368A
[2017-04-28 23:47:10.192] Receiving:0E03010201B70201B70102D604368A
[2017-04-28 23:47:10.239] RSSI env | rx: 36 8A
[2017-04-28 23:47:10.272] LNK Radio TX data: 0103048A36
[2017-04-28 23:48:09.243] LNK RX RSSI:8A
[2017-04-28 23:48:09.259] LNK Radio RX data: 0E03010201B70201B70102D704338A
[2017-04-28 23:48:09.315] Receiving:0E03010201B70201B70102D704338A
[2017-04-28 23:48:09.362] RSSI env | rx: 38 8A
[2017-04-28 23:48:09.397] LNK Radio TX data: 0103048A38
[2017-04-28 23:49:08.306] LNK RX RSSI:8A
[2017-04-28 23:49:08.324] LNK Radio RX data: 0E03010201B70201B80102D704358A
[2017-04-28 23:49:08.380] Receiving:0E03010201B70201B80102D704358A
[2017-04-28 23:49:08.425] RSSI env | rx: 36 8A
[2017-04-28 23:49:08.460] LNK Radio TX data: 0103048A36
[2017-04-28 23:50:07.336] LNK RX RSSI:8A
[2017-04-28 23:50:07.353] LNK Radio RX data: 0E03010201B80201B80102D704318A
[2017-04-28 23:50:07.409] Receiving:0E03010201B80201B80102D704318A
[2017-04-28 23:50:07.456] RSSI env | rx: 37 8A
[2017-04-28 23:50:07.490] LNK Radio TX data: 0103048A37
[2017-04-28 23:51:06.326] LNK RX RSSI:8A
[2017-04-28 23:51:06.344] LNK Radio RX data: 0E03010201B80201B80102D704348A
[2017-04-28 23:51:06.400] Receiving:0E03010201B80201B80102D704348A
[2017-04-28 23:51:06.447] RSSI env | rx: 39 8A
[2017-04-28 23:51:06.481] LNK Radio TX data: 0103048A39
[2017-04-28 23:52:05.296] LNK RX RSSI:8A
[2017-04-28 23:52:05.314] LNK Radio RX data: 0E03010201B80201B80102D704338A
[2017-04-28 23:52:05.370] Receiving:0E03010201B80201B80102D704338A
[2017-04-28 23:52:05.416] RSSI env | rx: 37 8A
[2017-04-28 23:52:05.450] LNK Radio TX data: 0103048A37
[2017-04-28 23:53:04.249] LNK RX RSSI:8A
[2017-04-28 23:53:04.266] LNK Radio RX data: 0E03010201B80201B80102D704328A
[2017-04-28 23:53:04.323] Receiving:0E03010201B80201B80102D704328A
[2017-04-28 23:53:04.370] RSSI env | rx: 37 8A
[2017-04-28 23:53:04.403] LNK Radio TX data: 0103048A37
[2017-04-28 23:54:03.181] LNK RX RSSI:8A
[2017-04-28 23:54:03.199] LNK Radio RX data: 0E03010201B80201B80102D704348A
[2017-04-28 23:54:03.255] Receiving:0E03010201B80201B80102D704348A
[2017-04-28 23:54:03.302] RSSI env | rx: 34 8A
[2017-04-28 23:54:03.336] LNK Radio TX data: 0103048A34
[2017-04-28 23:55:02.110] LNK RX RSSI:8A
[2017-04-28 23:55:02.127] LNK Radio RX data: 0E03010201B90201B80102D704348A
[2017-04-28 23:55:02.183] Receiving:0E03010201B90201B80102D704348A
[2017-04-28 23:55:02.229] RSSI env | rx: 37 8A
[2017-04-28 23:55:02.264] LNK Radio TX data: 0103048A37
[2017-04-28 23:56:01.017] LNK RX RSSI:8A
[2017-04-28 23:56:01.034] LNK Radio RX data: 0E03010201B80201B80102D704358A
[2017-04-28 23:56:01.090] Receiving:0E03010201B80201B80102D704358A
[2017-04-28 23:56:01.137] RSSI env | rx: 37 8A
[2017-04-28 23:56:01.171] LNK Radio TX data: 0103048A37
[2017-04-28 23:56:59.923] LNK RX RSSI:8A
[2017-04-28 23:56:59.940] LNK Radio RX data: 0E03010201B80201B80102D704338A
[2017-04-28 23:56:59.996] Receiving:0E03010201B80201B80102D704338A
[2017-04-28 23:57:00.043] RSSI env | rx: 38 8A
[2017-04-28 23:57:00.077] LNK Radio TX data: 0103048A38
[2017-04-28 23:57:58.821] LNK RX RSSI:8A
[2017-04-28 23:57:58.839] LNK Radio RX data: 0E03010201B90201B90102D704348A
[2017-04-28 23:57:58.895] Receiving:0E03010201B90201B90102D704348A
[2017-04-28 23:57:58.942] RSSI env | rx: 34 8A
[2017-04-28 23:57:58.976] LNK Radio TX data: 0103048A34
[2017-04-28 23:58:57.719] LNK RX RSSI:8A
[2017-04-28 23:58:57.736] LNK Radio RX data: 0E03010201B90201B90102D704368A
[2017-04-28 23:58:57.793] Receiving:0E03010201B90201B90102D704368A
[2017-04-28 23:58:57.839] RSSI env | rx: 3A 8A
[2017-04-28 23:58:57.873] LNK Radio TX data: 0103048A3A
[2017-04-28 23:59:56.608] LNK RX RSSI:8A
[2017-04-28 23:59:56.626] LNK Radio RX data: 0E03010201B80201B90102D704338A
[2017-04-28 23:59:56.680] Receiving:0E03010201B80201B90102D704338A
[2017-04-28 23:59:56.728] RSSI env | rx: 36 8A
[2017-04-28 23:59:56.762] LNK Radio TX data: 0103048A36
[2017-04-29 00:00:55.496] LNK RX RSSI:8A
[2017-04-29 00:00:55.513] LNK Radio RX data: 0E03010201B80201B80102D604328A
[2017-04-29 00:00:55.570] Receiving:0E03010201B80201B80102D604328A
[2017-04-29 00:00:55.617] RSSI env | rx: 35 8A
[2017-04-29 00:00:55.650] LNK Radio TX data: 0103048A35
[2017-04-29 00:01:54.394] LNK RX RSSI:8A
[2017-04-29 00:01:54.411] LNK Radio RX data: 0E03010201B80201B90102D704328A
[2017-04-29 00:01:54.468] Receiving:0E03010201B80201B90102D704328A
[2017-04-29 00:01:54.514] RSSI env | rx: 35 8A
[2017-04-29 00:01:54.548] LNK Radio TX data: 0103048A35
[2017-04-29 00:02:53.296] LNK RX RSSI:8A
[2017-04-29 00:02:53.313] LNK Radio RX data: 0E03010201B80201B90102D704338A
[2017-04-29 00:02:53.369] Receiving:0E03010201B80201B90102D704338A
[2017-04-29 00:02:53.416] RSSI env | rx: 38 8A
[2017-04-29 00:02:53.450] LNK Radio TX data: 0103048A38
[2017-04-29 00:03:52.200] LNK RX RSSI:8A
[2017-04-29 00:03:52.217] LNK Radio RX data: 0E03010201B90201BA0102D704318A
[2017-04-29 00:03:52.273] Receiving:0E03010201B90201BA0102D704318A
[2017-04-29 00:03:52.320] RSSI env | rx: 37 8A
[2017-04-29 00:03:52.354] LNK Radio TX data: 0103048A37
[2017-04-29 00:04:51.104] LNK RX RSSI:8A
[2017-04-29 00:04:51.122] LNK Radio RX data: 0E03010201B90201B80102D704328A
[2017-04-29 00:04:51.178] Receiving:0E03010201B90201B80102D704328A
[2017-04-29 00:04:51.225] RSSI env | rx: 3A 8A
[2017-04-29 00:04:51.259] LNK Radio TX data: 0103048A3A
[2017-04-29 00:05:50.017] LNK RX RSSI:8A
[2017-04-29 00:05:50.034] LNK Radio RX data: 0E03010201B90201B90102D704348A
[2017-04-29 00:05:50.091] Receiving:0E03010201B90201B90102D704348A
[2017-04-29 00:05:50.137] RSSI env | rx: 38 8A
[2017-04-29 00:05:50.171] LNK Radio TX data: 0103048A38
[2017-04-29 00:06:48.937] LNK RX RSSI:8A
[2017-04-29 00:06:48.954] LNK Radio RX data: 0E03010201B80201B90102D704338A
[2017-04-29 00:06:49.010] Receiving:0E03010201B80201B90102D704338A
[2017-04-29 00:06:49.056] RSSI env | rx: 38 8A
[2017-04-29 00:06:49.091] LNK Radio TX data: 0103048A38
[2017-04-29 00:07:47.861] LNK RX RSSI:8A
[2017-04-29 00:07:47.877] LNK Radio RX data: 0E03010201B90201B80102D704358A
[2017-04-29 00:07:47.934] Receiving:0E03010201B90201B80102D704358A
[2017-04-29 00:07:47.981] RSSI env | rx: 36 8A
[2017-04-29 00:07:48.015] LNK Radio TX data: 0103048A36
[2017-04-29 00:08:46.771] LNK RX RSSI:8A
[2017-04-29 00:08:46.787] LNK Radio RX data: 0E03010201B90201B80102D704358A
[2017-04-29 00:08:46.843] Receiving:0E03010201B90201B80102D704358A
[2017-04-29 00:08:46.890] RSSI env | rx: 37 8A
[2017-04-29 00:08:46.924] LNK Radio TX data: 0103048A37
[2017-04-29 00:09:45.677] LNK RX RSSI:8A
[2017-04-29 00:09:45.695] LNK Radio RX data: 0E03010201B90201B90102D704368A
[2017-04-29 00:09:45.751] Receiving:0E03010201B90201B90102D704368A
[2017-04-29 00:09:45.798] RSSI env | rx: 36 8A
[2017-04-29 00:09:45.832] LNK Radio TX data: 0103048A36
[2017-04-29 00:10:44.595] LNK RX RSSI:8A
[2017-04-29 00:10:44.612] LNK Radio RX data: 0E03010201B90201B90102D704368A
[2017-04-29 00:10:44.669] Receiving:0E03010201B90201B90102D704368A
[2017-04-29 00:10:44.715] RSSI env | rx: 37 8A
[2017-04-29 00:10:44.749] LNK Radio TX data: 0103048A37
[2017-04-29 00:11:43.518] LNK RX RSSI:8A
[2017-04-29 00:11:43.535] LNK Radio RX data: 0E03010201B90201B90102D704308A
[2017-04-29 00:11:43.592] Receiving:0E03010201B90201B90102D704308A
[2017-04-29 00:11:43.638] RSSI env | rx: 39 8A
[2017-04-29 00:11:43.672] LNK Radio TX data: 0103048A39
[2017-04-29 00:12:42.436] LNK RX RSSI:8A
[2017-04-29 00:12:42.455] LNK Radio RX data: 0E03010201BA0201B90102D704338A
[2017-04-29 00:12:42.510] Receiving:0E03010201BA0201B90102D704338A
[2017-04-29 00:12:42.557] RSSI env | rx: 39 8A
[2017-04-29 00:12:42.591] LNK Radio TX data: 0103048A39
[2017-04-29 00:13:41.353] LNK RX RSSI:8A
[2017-04-29 00:13:41.370] LNK Radio RX data: 0E03010201B90201B90102D704318A
[2017-04-29 00:13:41.427] Receiving:0E03010201B90201B90102D704318A
[2017-04-29 00:13:41.474] RSSI env | rx: 37 8A
[2017-04-29 00:13:41.507] LNK Radio TX data: 0103048A37
[2017-04-29 00:14:40.268] LNK RX RSSI:8A
[2017-04-29 00:14:40.285] LNK Radio RX data: 0E03010201B90201B90102D704358A
[2017-04-29 00:14:40.342] Receiving:0E03010201B90201B90102D704358A
[2017-04-29 00:14:40.387] RSSI env | rx: 38 8A
[2017-04-29 00:14:40.422] LNK Radio TX data: 0103048A38
[2017-04-29 00:15:39.180] LNK RX RSSI:8A
[2017-04-29 00:15:39.198] LNK Radio RX data: 0E03010201B90201B90102D704368A
[2017-04-29 00:15:39.255] Receiving:0E03010201B90201B90102D704368A
[2017-04-29 00:15:39.302] RSSI env | rx: 38 8A
[2017-04-29 00:15:39.335] LNK Radio TX data: 0103048A38
[2017-04-29 00:16:38.097] LNK RX RSSI:8A
[2017-04-29 00:16:38.114] LNK Radio RX data: 0E03010201B90201B90102D704338A
[2017-04-29 00:16:38.171] Receiving:0E03010201B90201B90102D704338A
[2017-04-29 00:16:38.218] RSSI env | rx: 38 8A
[2017-04-29 00:16:38.251] LNK Radio TX data: 0103048A38
[2017-04-29 00:17:37.007] LNK RX RSSI:8A
[2017-04-29 00:17:37.025] LNK Radio RX data: 0E03010201B90201B90102D704338A
[2017-04-29 00:17:37.081] Receiving:0E03010201B90201B90102D704338A
[2017-04-29 00:17:37.129] RSSI env | rx: 38 8A
[2017-04-29 00:17:37.162] LNK Radio TX data: 0103048A38
[2017-04-29 00:18:35.923] LNK RX RSSI:8A
[2017-04-29 00:18:35.940] LNK Radio RX data: 0E03010201B90201B90102D704358A
[2017-04-29 00:18:35.997] Receiving:0E03010201B90201B90102D704358A
[2017-04-29 00:18:36.044] RSSI env | rx: 38 8A
[2017-04-29 00:18:36.077] LNK Radio TX data: 0103048A38
[2017-04-29 00:19:34.846] LNK RX RSSI:8A
[2017-04-29 00:19:34.863] LNK Radio RX data: 0E03010201B90201B90102D704328A
[2017-04-29 00:19:34.919] Receiving:0E03010201B90201B90102D704328A
[2017-04-29 00:19:34.966] RSSI env | rx: 38 8A
[2017-04-29 00:19:35.000] LNK Radio TX data: 0103048A38
[2017-04-29 00:20:33.766] LNK RX RSSI:8A
[2017-04-29 00:20:33.784] LNK Radio RX data: 0E03010201B90201B90102D704348A
[2017-04-29 00:20:33.840] Receiving:0E03010201B90201B90102D704348A
[2017-04-29 00:20:33.887] RSSI env | rx: 37 8A
[2017-04-29 00:20:33.921] LNK Radio TX data: 0103048A37
[2017-04-29 00:21:32.673] LNK RX RSSI:8A
[2017-04-29 00:21:32.690] LNK Radio RX data: 0E03010201B90201B90102D704338A
[2017-04-29 00:21:32.747] Receiving:0E03010201B90201B90102D704338A
[2017-04-29 00:21:32.793] RSSI env | rx: 35 8A
[2017-04-29 00:21:32.827] LNK Radio TX data: 0103048A35
[2017-04-29 00:22:31.584] LNK RX RSSI:8A
[2017-04-29 00:22:31.601] LNK Radio RX data: 0E03010201B90201B90102D704338A
[2017-04-29 00:22:31.657] Receiving:0E03010201B90201B90102D704338A
[2017-04-29 00:22:31.704] RSSI env | rx: 38 8A
[2017-04-29 00:22:31.738] LNK Radio TX data: 0103048A38
[2017-04-29 00:23:30.489] LNK RX RSSI:8A
[2017-04-29 00:23:30.506] LNK Radio RX data: 0E03010201B90201B90102D704358A
[2017-04-29 00:23:30.563] Receiving:0E03010201B90201B90102D704358A
[2017-04-29 00:23:30.610] RSSI env | rx: 36 8A
[2017-04-29 00:23:30.643] LNK Radio TX data: 0103048A36
[2017-04-29 00:24:29.386] LNK RX RSSI:8A
[2017-04-29 00:24:29.403] LNK Radio RX data: 0E03010201B90201B90102D704308A
[2017-04-29 00:24:29.460] Receiving:0E03010201B90201B90102D704308A
[2017-04-29 00:24:29.507] RSSI env | rx: 36 8A
[2017-04-29 00:24:29.540] LNK Radio TX data: 0103048A36
[2017-04-29 00:25:28.281] LNK RX RSSI:8A
[2017-04-29 00:25:28.298] LNK Radio RX data: 0E03010201B90201B90102D704348A
[2017-04-29 00:25:28.354] Receiving:0E03010201B90201B90102D704348A
[2017-04-29 00:25:28.401] RSSI env | rx: 3A 8A
[2017-04-29 00:25:28.435] LNK Radio TX data: 0103048A3A
[2017-04-29 00:26:27.181] LNK RX RSSI:8A
[2017-04-29 00:26:27.198] LNK Radio RX data: 0E03010201B90201B90102D704368A
[2017-04-29 00:26:27.255] Receiving:0E03010201B90201B90102D704368A
[2017-04-29 00:26:27.302] RSSI env | rx: 37 8A
[2017-04-29 00:26:27.335] LNK Radio TX data: 0103048A37
[2017-04-29 00:27:26.077] LNK RX RSSI:8A
[2017-04-29 00:27:26.094] LNK Radio RX data: 0E03010201B80201B90102D704368A
[2017-04-29 00:27:26.150] Receiving:0E03010201B80201B90102D704368A
[2017-04-29 00:27:26.197] RSSI env | rx: 38 8A
[2017-04-29 00:27:26.231] LNK Radio TX data: 0103048A38
[2017-04-29 00:28:24.971] LNK RX RSSI:8A
[2017-04-29 00:28:24.988] LNK Radio RX data: 0E03010201BA0201B90102D704318A
[2017-04-29 00:28:25.044] Receiving:0E03010201BA0201B90102D704318A
[2017-04-29 00:28:25.091] RSSI env | rx: 39 8A
[2017-04-29 00:28:25.125] LNK Radio TX data: 0103048A39
[2017-04-29 00:29:23.867] LNK RX RSSI:8A
[2017-04-29 00:29:23.884] LNK Radio RX data: 0E03010201B90201B90102D704378A
[2017-04-29 00:29:23.940] Receiving:0E03010201B90201B90102D704378A
[2017-04-29 00:29:23.987] RSSI env | rx: 36 8A
[2017-04-29 00:29:24.021] LNK Radio TX data: 0103048A36
[2017-04-29 00:30:22.763] LNK RX RSSI:8A
[2017-04-29 00:30:22.779] LNK Radio RX data: 0E03010201B90201B90102D704358A
[2017-04-29 00:30:22.835] Receiving:0E03010201B90201B90102D704358A
[2017-04-29 00:30:22.882] RSSI env | rx: 38 8A
[2017-04-29 00:30:22.917] LNK Radio TX data: 0103048A38
[2017-04-29 00:31:21.671] LNK RX RSSI:8A
[2017-04-29 00:31:21.688] LNK Radio RX data: 0E03010201B90201B90102D704378A
[2017-04-29 00:31:21.745] Receiving:0E03010201B90201B90102D704378A
[2017-04-29 00:31:21.791] RSSI env | rx: 38 8A
[2017-04-29 00:31:21.825] LNK Radio TX data: 0103048A38
[2017-04-29 00:32:20.578] LNK RX RSSI:8A
[2017-04-29 00:32:20.596] LNK Radio RX data: 0E03010201B90201B90102D704348A
[2017-04-29 00:32:20.652] Receiving:0E03010201B90201B90102D704348A
[2017-04-29 00:32:20.699] RSSI env | rx: 36 8A
[2017-04-29 00:32:20.734] LNK Radio TX data: 0103048A36
[2017-04-29 00:33:19.483] LNK RX RSSI:8A
[2017-04-29 00:33:19.500] LNK Radio RX data: 0E03010201B90201B90102D704348A
[2017-04-29 00:33:19.556] Receiving:0E03010201B90201B90102D704348A
[2017-04-29 00:33:19.603] RSSI env | rx: 37 8A
[2017-04-29 00:33:19.637] LNK Radio TX data: 0103048A37
[2017-04-29 00:34:18.391] LNK RX RSSI:8A
[2017-04-29 00:34:18.408] LNK Radio RX data: 0E03010201B90201B90102D704358A
[2017-04-29 00:34:18.464] Receiving:0E03010201B90201B90102D704358A
[2017-04-29 00:34:18.511] RSSI env | rx: 37 8A
[2017-04-29 00:34:18.545] LNK Radio TX data: 0103048A37
[2017-04-29 00:35:17.308] LNK RX RSSI:8A
[2017-04-29 00:35:17.326] LNK Radio RX data: 0E03010201B90201B90102D604358A
[2017-04-29 00:35:17.382] Receiving:0E03010201B90201B90102D604358A
[2017-04-29 00:35:17.429] RSSI env | rx: 38 8A
[2017-04-29 00:35:17.463] LNK Radio TX data: 0103048A38
[2017-04-29 00:36:16.231] LNK RX RSSI:8A
[2017-04-29 00:36:16.248] LNK Radio RX data: 0E03010201B90201B90102D704348A
[2017-04-29 00:36:16.304] Receiving:0E03010201B90201B90102D704348A
[2017-04-29 00:36:16.351] RSSI env | rx: 35 8A
[2017-04-29 00:36:16.385] LNK Radio TX data: 0103048A35
[2017-04-29 00:37:15.137] LNK RX RSSI:8A
[2017-04-29 00:37:15.155] LNK Radio RX data: 0E03010201B90201B80102D704328A
[2017-04-29 00:37:15.211] Receiving:0E03010201B90201B80102D704328A
[2017-04-29 00:37:15.258] RSSI env | rx: 37 8A
[2017-04-29 00:37:15.292] LNK Radio TX data: 0103048A37
[2017-04-29 00:38:14.045] LNK RX RSSI:8A
[2017-04-29 00:38:14.061] LNK Radio RX data: 0E03010201B90201B80102D704348A
[2017-04-29 00:38:14.118] Receiving:0E03010201B90201B80102D704348A
[2017-04-29 00:38:14.165] RSSI env | rx: 35 8A
[2017-04-29 00:38:14.199] LNK Radio TX data: 0103048A35
[2017-04-29 00:39:12.947] LNK RX RSSI:8A
[2017-04-29 00:39:12.964] LNK Radio RX data: 0E03010201B80201B90102D704378A
[2017-04-29 00:39:13.020] Receiving:0E03010201B80201B90102D704378A
[2017-04-29 00:39:13.067] RSSI env | rx: 38 8A
[2017-04-29 00:39:13.101] LNK Radio TX data: 0103048A38
[2017-04-29 00:40:11.852] LNK RX RSSI:8A
[2017-04-29 00:40:11.869] LNK Radio RX data: 0E03010201B80201B90102D704368A
[2017-04-29 00:40:11.926] Receiving:0E03010201B80201B90102D704368A
[2017-04-29 00:40:11.972] RSSI env | rx: 38 8A
[2017-04-29 00:40:12.006] LNK Radio TX data: 0103048A38
[2017-04-29 00:41:10.752] LNK RX RSSI:8A
[2017-04-29 00:41:10.770] LNK Radio RX data: 0E03010201B90201B90102D704338A
[2017-04-29 00:41:10.826] Receiving:0E03010201B90201B90102D704338A
[2017-04-29 00:41:10.873] RSSI env | rx: 36 8A
[2017-04-29 00:41:10.906] LNK Radio TX data: 0103048A36
[2017-04-29 00:42:09.666] LNK RX RSSI:8A
[2017-04-29 00:42:09.683] LNK Radio RX data: 0E03010201B90201B80102D704338A
[2017-04-29 00:42:09.740] Receiving:0E03010201B90201B80102D704338A
[2017-04-29 00:42:09.787] RSSI env | rx: 37 8A
[2017-04-29 00:42:09.820] LNK Radio TX data: 0103048A37
[2017-04-29 00:43:08.580] LNK RX RSSI:8A
[2017-04-29 00:43:08.597] LNK Radio RX data: 0E03010201B90201B80102D704368A
[2017-04-29 00:43:08.653] Receiving:0E03010201B90201B80102D704368A
[2017-04-29 00:43:08.700] RSSI env | rx: 39 8A
[2017-04-29 00:43:08.734] LNK Radio TX data: 0103048A39
[2017-04-29 00:44:07.475] LNK RX RSSI:8A
[2017-04-29 00:44:07.493] LNK Radio RX data: 0E03010201B90201B80102D704358A
[2017-04-29 00:44:07.549] Receiving:0E03010201B90201B80102D704358A
[2017-04-29 00:44:07.595] RSSI env | rx: 35 8A
[2017-04-29 00:44:07.629] LNK Radio TX data: 0103048A35